TN:
SF:src\App.js
FN:17,(anonymous_0)
FN:24,(anonymous_1)
FN:30,(anonymous_2)
FN:35,(anonymous_3)
FN:39,(anonymous_4)
FNF:5
FNH:5
FNDA:3,(anonymous_0)
FNDA:3,(anonymous_1)
FNDA:1,(anonymous_2)
FNDA:1,(anonymous_3)
FNDA:4,(anonymous_4)
DA:18,3
DA:19,2
DA:25,3
DA:26,3
DA:30,2
DA:31,1
DA:32,1
DA:35,2
DA:36,1
DA:40,4
DA:41,4
LF:11
LH:11
BRDA:25,0,0,3
BRDA:25,0,1,0
BRDA:58,1,0,4
BRDA:58,1,1,1
BRDA:69,2,0,3
BRDA:69,2,1,1
BRF:6
BRH:5
end_of_record
TN:
SF:src\index.js
FNF:0
FNH:0
DA:7,0
DA:17,0
LF:2
LH:0
BRF:0
BRH:0
end_of_record
TN:
SF:src\reportWebVitals.js
FN:1,(anonymous_0)
FN:3,(anonymous_1)
FNF:2
FNH:0
FNDA:0,(anonymous_0)
FNDA:0,(anonymous_1)
DA:1,0
DA:2,0
DA:3,0
DA:4,0
DA:5,0
DA:6,0
DA:7,0
DA:8,0
LF:8
LH:0
BRDA:2,0,0,0
BRDA:2,0,1,0
BRDA:2,1,0,0
BRDA:2,1,1,0
BRF:4
BRH:0
end_of_record
TN:
SF:src\util.js
FN:2,requestUsers
FN:4,(anonymous_1)
FN:5,(anonymous_2)
FN:30,requestArticles
FN:32,(anonymous_4)
FN:33,(anonymous_5)
FN:66,compare
FN:67,(anonymous_7)
FN:72,(anonymous_8)
FNF:9
FNH:9
FNDA:5,requestUsers
FNDA:4,(anonymous_1)
FNDA:4,(anonymous_2)
FNDA:5,requestArticles
FNDA:4,(anonymous_4)
FNDA:4,(anonymous_5)
FNDA:4,compare
FNDA:699,(anonymous_7)
FNDA:170,(anonymous_8)
DA:3,5
DA:4,4
DA:6,4
DA:7,4
DA:8,40
DA:9,40
DA:10,120
DA:12,40
DA:24,40
DA:26,4
DA:31,5
DA:32,4
DA:34,4
DA:35,4
DA:36,4
DA:37,4
DA:38,4
DA:39,4
DA:40,4
DA:41,400
DA:42,170
DA:43,170
DA:44,170
DA:45,170
DA:46,170
DA:47,133
DA:49,37
DA:51,170
DA:52,44
DA:54,126
DA:56,170
DA:57,170
DA:58,170
DA:62,170
DA:67,4
DA:68,699
DA:71,4
DA:72,4
DA:73,170
DA:76,4
LF:40
LH:40
BRDA:41,0,0,170
BRDA:41,0,1,230
BRDA:46,1,0,133
BRDA:46,1,1,37
BRDA:51,2,0,44
BRDA:51,2,1,126
BRF:6
BRH:6
end_of_record
TN:
SF:src\components\Login.js
FN:24,(anonymous_0)
FN:35,(anonymous_1)
FN:39,(anonymous_2)
FN:43,(anonymous_3)
FN:47,(anonymous_4)
FN:51,(anonymous_5)
FN:70,(anonymous_6)
FN:152,(anonymous_7)
FNF:8
FNH:5
FNDA:3,(anonymous_0)
FNDA:0,(anonymous_1)
FNDA:2,(anonymous_2)
FNDA:2,(anonymous_3)
FNDA:0,(anonymous_4)
FNDA:2,(anonymous_5)
FNDA:8,(anonymous_6)
FNDA:0,(anonymous_7)
DA:25,3
DA:27,3
DA:35,3
DA:36,0
DA:39,3
DA:40,2
DA:43,3
DA:44,2
DA:47,3
DA:48,0
DA:51,3
DA:52,2
DA:53,2
DA:54,2
DA:55,2
DA:56,11
DA:57,1
DA:58,1
DA:59,1
DA:60,1
DA:63,2
DA:64,1
DA:66,1
DA:71,8
DA:72,8
DA:152,0
LF:26
LH:23
BRDA:56,0,0,1
BRDA:56,0,1,10
BRDA:56,1,0,11
BRDA:56,1,1,2
BRDA:63,2,0,1
BRDA:63,2,1,1
BRF:6
BRH:6
end_of_record
TN:
SF:src\components\Main.js
FN:38,(anonymous_0)
FN:41,(anonymous_1)
FN:50,(anonymous_2)
FN:58,(anonymous_3)
FN:86,(anonymous_4)
FN:106,(anonymous_5)
FN:112,(anonymous_6)
FN:130,(anonymous_7)
FN:137,(anonymous_8)
FN:142,(anonymous_9)
FN:154,(anonymous_10)
FN:198,(anonymous_11)
FN:207,(anonymous_12)
FN:227,(anonymous_13)
FN:234,(anonymous_14)
FN:248,(anonymous_15)
FN:268,(anonymous_16)
FN:275,(anonymous_17)
FN:297,(anonymous_18)
FN:304,(anonymous_19)
FN:305,(anonymous_20)
FN:351,(anonymous_21)
FN:352,(anonymous_22)
FN:374,(anonymous_23)
FN:382,(anonymous_24)
FN:386,(anonymous_25)
FN:390,(anonymous_26)
FN:411,(anonymous_27)
FN:419,(anonymous_28)
FN:444,(anonymous_29)
FN:458,(anonymous_30)
FN:476,(anonymous_31)
FN:480,(anonymous_32)
FN:484,(anonymous_33)
FN:495,(anonymous_34)
FN:508,(anonymous_35)
FN:545,(anonymous_36)
FN:571,(anonymous_37)
FN:580,(anonymous_38)
FN:619,(anonymous_39)
FNF:40
FNH:26
FNDA:30,(anonymous_0)
FNDA:30,(anonymous_1)
FNDA:2,(anonymous_2)
FNDA:11,(anonymous_3)
FNDA:0,(anonymous_4)
FNDA:0,(anonymous_5)
FNDA:0,(anonymous_6)
FNDA:3,(anonymous_7)
FNDA:12,(anonymous_8)
FNDA:29,(anonymous_9)
FNDA:0,(anonymous_10)
FNDA:1,(anonymous_11)
FNDA:1,(anonymous_12)
FNDA:2,(anonymous_13)
FNDA:11,(anonymous_14)
FNDA:0,(anonymous_15)
FNDA:0,(anonymous_16)
FNDA:0,(anonymous_17)
FNDA:5,(anonymous_18)
FNDA:30,(anonymous_19)
FNDA:60,(anonymous_20)
FNDA:0,(anonymous_21)
FNDA:0,(anonymous_22)
FNDA:4,(anonymous_23)
FNDA:0,(anonymous_24)
FNDA:12,(anonymous_25)
FNDA:30,(anonymous_26)
FNDA:1,(anonymous_27)
FNDA:1,(anonymous_28)
FNDA:4,(anonymous_29)
FNDA:3,(anonymous_30)
FNDA:4,(anonymous_31)
FNDA:0,(anonymous_32)
FNDA:12,(anonymous_33)
FNDA:1,(anonymous_34)
FNDA:2,(anonymous_35)
FNDA:0,(anonymous_36)
FNDA:0,(anonymous_37)
FNDA:11,(anonymous_38)
FNDA:0,(anonymous_39)
DA:38,3
DA:39,30
DA:40,30
DA:41,30
DA:51,2
DA:52,2
DA:59,11
DA:60,11
DA:87,0
DA:107,0
DA:113,0
DA:114,0
DA:131,3
DA:132,2
DA:138,12
DA:139,12
DA:140,12
DA:141,12
DA:142,9
DA:143,29
DA:155,0
DA:185,12
DA:199,1
DA:208,1
DA:228,2
DA:229,2
DA:235,11
DA:249,0
DA:268,0
DA:276,0
DA:279,0
DA:280,0
DA:298,5
DA:299,3
DA:305,30
DA:306,60
DA:313,30
DA:352,0
DA:375,4
DA:376,2
DA:382,2
DA:383,0
DA:387,12
DA:388,12
DA:390,12
DA:391,30
DA:395,12
DA:412,1
DA:420,1
DA:421,1
DA:445,4
DA:447,2
DA:459,3
DA:460,3
DA:462,3
DA:464,2
DA:465,2
DA:466,6
DA:467,6
DA:470,2
DA:476,2
DA:477,4
DA:480,2
DA:481,0
DA:484,2
DA:486,12
DA:487,12
DA:488,12
DA:489,12
DA:490,30
DA:492,12
DA:495,2
DA:496,1
DA:497,1
DA:498,1
DA:499,40
DA:500,13
DA:503,1
DA:508,2
DA:509,2
DA:510,2
DA:511,2
DA:512,2
DA:513,2
DA:514,2
DA:515,1
DA:516,1
DA:517,9
DA:518,1
DA:519,1
DA:520,1
DA:521,1
DA:522,1
DA:525,1
DA:526,0
DA:527,0
DA:529,1
DA:531,1
DA:532,1
DA:533,1
DA:534,1
DA:536,2
DA:537,2
DA:538,2
DA:539,2
DA:545,2
DA:546,0
DA:547,0
DA:548,0
DA:550,0
DA:551,0
DA:552,0
DA:553,0
DA:554,0
DA:555,0
DA:556,0
DA:557,0
DA:558,0
DA:561,0
DA:565,0
DA:566,0
DA:568,0
DA:571,2
DA:572,0
DA:573,0
DA:575,0
DA:576,0
DA:577,0
DA:581,11
DA:582,11
DA:619,0
LF:131
LH:94
BRDA:42,0,0,30
BRDA:42,0,1,0
BRDA:141,1,0,9
BRDA:141,1,1,3
BRDA:141,2,0,12
BRDA:141,2,1,12
BRDA:489,3,0,42
BRDA:489,3,1,40
BRDA:499,4,0,13
BRDA:499,4,1,27
BRDA:499,5,0,40
BRDA:499,5,1,40
BRDA:514,6,0,1
BRDA:514,6,1,1
BRDA:517,7,0,1
BRDA:517,7,1,8
BRDA:517,8,0,9
BRDA:517,8,1,1
BRDA:525,9,0,0
BRDA:525,9,1,1
BRDA:531,10,0,1
BRDA:531,10,1,0
BRDA:559,11,0,0
BRDA:559,11,1,0
BRDA:560,12,0,0
BRDA:560,12,1,0
BRDA:585,13,0,11
BRDA:585,13,1,0
BRF:28
BRH:20
end_of_record
TN:
SF:src\components\Profile.js
FN:22,(anonymous_0)
FN:33,(anonymous_1)
FN:45,(anonymous_2)
FN:88,(anonymous_3)
FN:120,(anonymous_4)
FN:141,(anonymous_5)
FN:170,(anonymous_6)
FN:200,(anonymous_7)
FN:230,(anonymous_8)
FN:268,(anonymous_9)
FN:297,(anonymous_10)
FN:331,(anonymous_11)
FN:342,(anonymous_12)
FNF:13
FNH:2
FNDA:1,(anonymous_0)
FNDA:0,(anonymous_1)
FNDA:1,(anonymous_2)
FNDA:0,(anonymous_3)
FNDA:0,(anonymous_4)
FNDA:0,(anonymous_5)
FNDA:0,(anonymous_6)
FNDA:0,(anonymous_7)
FNDA:0,(anonymous_8)
FNDA:0,(anonymous_9)
FNDA:0,(anonymous_10)
FNDA:0,(anonymous_11)
FNDA:0,(anonymous_12)
DA:23,1
DA:24,1
DA:33,1
DA:34,0
DA:35,0
DA:36,0
DA:37,0
DA:39,0
DA:40,0
DA:41,0
DA:46,1
DA:47,1
DA:89,0
DA:90,0
DA:91,0
DA:92,0
DA:93,0
DA:94,0
DA:96,0
DA:97,0
DA:100,0
DA:101,0
DA:103,0
DA:121,0
DA:142,0
DA:143,0
DA:144,0
DA:145,0
DA:146,0
DA:148,0
DA:149,0
DA:151,0
DA:171,0
DA:172,0
DA:173,0
DA:174,0
DA:175,0
DA:177,0
DA:178,0
DA:180,0
DA:201,0
DA:202,0
DA:203,0
DA:204,0
DA:205,0
DA:207,0
DA:208,0
DA:210,0
DA:231,0
DA:232,0
DA:233,0
DA:234,0
DA:235,0
DA:236,0
DA:237,0
DA:238,0
DA:239,0
DA:240,0
DA:241,0
DA:242,0
DA:243,0
DA:244,0
DA:245,0
DA:249,0
DA:269,0
DA:270,0
DA:271,0
DA:272,0
DA:273,0
DA:274,0
DA:276,0
DA:298,0
DA:299,0
DA:300,0
DA:301,0
DA:302,0
DA:303,0
DA:305,0
DA:332,0
DA:342,0
LF:80
LH:5
BRDA:39,0,0,0
BRDA:39,0,1,0
BRDA:82,1,0,1
BRDA:82,1,1,0
BRDA:91,2,0,0
BRDA:91,2,1,0
BRDA:92,3,0,0
BRDA:92,3,1,0
BRDA:92,4,0,0
BRDA:92,4,1,0
BRDA:134,5,0,1
BRDA:134,5,1,0
BRDA:144,6,0,0
BRDA:144,6,1,0
BRDA:164,7,0,1
BRDA:164,7,1,0
BRDA:173,8,0,0
BRDA:173,8,1,0
BRDA:193,9,0,1
BRDA:193,9,1,0
BRDA:203,10,0,0
BRDA:203,10,1,0
BRDA:223,11,0,1
BRDA:223,11,1,0
BRDA:235,12,0,0
BRDA:235,12,1,0
BRDA:238,13,0,0
BRDA:238,13,1,0
BRDA:239,14,0,0
BRDA:239,14,1,0
BRDA:242,15,0,0
BRDA:242,15,1,0
BRDA:243,16,0,0
BRDA:243,16,1,0
BRDA:272,17,0,0
BRDA:272,17,1,0
BRDA:289,18,0,1
BRDA:289,18,1,0
BRDA:301,19,0,0
BRDA:301,19,1,0
BRF:40
BRH:6
end_of_record
TN:
SF:src\components\Register.js
FN:16,(anonymous_0)
FN:33,(anonymous_1)
FN:43,(anonymous_2)
FN:69,(anonymous_3)
FN:110,(anonymous_4)
FN:138,(anonymous_5)
FN:156,(anonymous_6)
FN:182,(anonymous_7)
FN:210,(anonymous_8)
FN:236,(anonymous_9)
FN:271,(anonymous_10)
FN:297,(anonymous_11)
FN:334,(anonymous_12)
FNF:13
FNH:0
FNDA:0,(anonymous_0)
FNDA:0,(anonymous_1)
FNDA:0,(anonymous_2)
FNDA:0,(anonymous_3)
FNDA:0,(anonymous_4)
FNDA:0,(anonymous_5)
FNDA:0,(anonymous_6)
FNDA:0,(anonymous_7)
FNDA:0,(anonymous_8)
FNDA:0,(anonymous_9)
FNDA:0,(anonymous_10)
FNDA:0,(anonymous_11)
FNDA:0,(anonymous_12)
DA:17,0
DA:18,0
DA:33,0
DA:34,0
DA:35,0
DA:36,0
DA:37,0
DA:40,0
DA:43,0
DA:44,0
DA:45,0
DA:46,0
DA:47,0
DA:49,0
DA:50,0
DA:51,0
DA:63,0
DA:64,0
DA:65,0
DA:81,0
DA:82,0
DA:111,0
DA:112,0
DA:113,0
DA:114,0
DA:115,0
DA:116,0
DA:118,0
DA:119,0
DA:122,0
DA:123,0
DA:125,0
DA:139,0
DA:157,0
DA:158,0
DA:159,0
DA:160,0
DA:161,0
DA:163,0
DA:164,0
DA:166,0
DA:183,0
DA:184,0
DA:185,0
DA:186,0
DA:187,0
DA:189,0
DA:190,0
DA:192,0
DA:211,0
DA:212,0
DA:213,0
DA:214,0
DA:215,0
DA:217,0
DA:218,0
DA:220,0
DA:237,0
DA:238,0
DA:239,0
DA:240,0
DA:241,0
DA:242,0
DA:243,0
DA:244,0
DA:245,0
DA:246,0
DA:247,0
DA:248,0
DA:249,0
DA:250,0
DA:251,0
DA:255,0
DA:272,0
DA:273,0
DA:274,0
DA:275,0
DA:276,0
DA:277,0
DA:279,0
DA:298,0
DA:299,0
DA:300,0
DA:301,0
DA:302,0
DA:303,0
DA:305,0
DA:334,0
LF:88
LH:0
BRDA:36,0,0,0
BRDA:36,0,1,0
BRDA:49,1,0,0
BRDA:49,1,1,0
BRDA:49,2,0,0
BRDA:49,2,1,0
BRDA:104,3,0,0
BRDA:104,3,1,0
BRDA:113,4,0,0
BRDA:113,4,1,0
BRDA:114,5,0,0
BRDA:114,5,1,0
BRDA:114,6,0,0
BRDA:114,6,1,0
BRDA:149,7,0,0
BRDA:149,7,1,0
BRDA:159,8,0,0
BRDA:159,8,1,0
BRDA:176,9,0,0
BRDA:176,9,1,0
BRDA:185,10,0,0
BRDA:185,10,1,0
BRDA:202,11,0,0
BRDA:202,11,1,0
BRDA:213,12,0,0
BRDA:213,12,1,0
BRDA:230,13,0,0
BRDA:230,13,1,0
BRDA:241,14,0,0
BRDA:241,14,1,0
BRDA:244,15,0,0
BRDA:244,15,1,0
BRDA:245,16,0,0
BRDA:245,16,1,0
BRDA:248,17,0,0
BRDA:248,17,1,0
BRDA:249,18,0,0
BRDA:249,18,1,0
BRDA:275,19,0,0
BRDA:275,19,1,0
BRDA:289,20,0,0
BRDA:289,20,1,0
BRDA:301,21,0,0
BRDA:301,21,1,0
BRF:44
BRH:0
end_of_record
