<?xml version="1.0" encoding="UTF-8"?>
<coverage generated="1635903358397" clover="3.2.0">
  <project timestamp="1635903358397" name="All files">
    <metrics statements="386" coveredstatements="173" conditionals="134" coveredconditionals="43" methods="90" coveredmethods="47" elements="610" coveredelements="263" complexity="0" loc="386" ncloc="386" packages="2" files="8" classes="8"/>
    <package name="src">
      <metrics statements="61" coveredstatements="51" conditionals="16" coveredconditionals="11" methods="16" coveredmethods="14"/>
      <file name="App.js" path="C:\Users\XW\Documents\CharmTemp\test\hw5-CharmingCharm\socialweb\src\App.js">
        <metrics statements="11" coveredstatements="11" conditionals="6" coveredconditionals="5" methods="5" coveredmethods="5"/>
        <line num="18" count="3" type="stmt"/>
        <line num="19" count="2" type="stmt"/>
        <line num="25" count="3" type="cond" truecount="1" falsecount="1"/>
        <line num="26" count="3" type="stmt"/>
        <line num="30" count="2" type="stmt"/>
        <line num="31" count="1" type="stmt"/>
        <line num="32" count="1" type="stmt"/>
        <line num="35" count="2" type="stmt"/>
        <line num="36" count="1" type="stmt"/>
        <line num="40" count="4" type="stmt"/>
        <line num="41" count="4" type="stmt"/>
      </file>
      <file name="index.js" path="C:\Users\XW\Documents\CharmTemp\test\hw5-CharmingCharm\socialweb\src\index.js">
        <metrics statements="2" coveredstatements="0" conditionals="0" coveredconditionals="0" methods="0" coveredmethods="0"/>
        <line num="7" count="0" type="stmt"/>
        <line num="17" count="0" type="stmt"/>
      </file>
      <file name="reportWebVitals.js" path="C:\Users\XW\Documents\CharmTemp\test\hw5-CharmingCharm\socialweb\src\reportWebVitals.js">
        <metrics statements="8" coveredstatements="0" conditionals="4" coveredconditionals="0" methods="2" coveredmethods="0"/>
        <line num="1" count="0" type="stmt"/>
        <line num="2" count="0" type="cond" truecount="0" falsecount="4"/>
        <line num="3" count="0" type="stmt"/>
        <line num="4" count="0" type="stmt"/>
        <line num="5" count="0" type="stmt"/>
        <line num="6" count="0" type="stmt"/>
        <line num="7" count="0" type="stmt"/>
        <line num="8" count="0" type="stmt"/>
      </file>
      <file name="util.js" path="C:\Users\XW\Documents\CharmTemp\test\hw5-CharmingCharm\socialweb\src\util.js">
        <metrics statements="40" coveredstatements="40" conditionals="6" coveredconditionals="6" methods="9" coveredmethods="9"/>
        <line num="3" count="5" type="stmt"/>
        <line num="4" count="4" type="stmt"/>
        <line num="6" count="4" type="stmt"/>
        <line num="7" count="4" type="stmt"/>
        <line num="8" count="40" type="stmt"/>
        <line num="9" count="40" type="stmt"/>
        <line num="10" count="120" type="stmt"/>
        <line num="12" count="40" type="stmt"/>
        <line num="24" count="40" type="stmt"/>
        <line num="26" count="4" type="stmt"/>
        <line num="31" count="5" type="stmt"/>
        <line num="32" count="4" type="stmt"/>
        <line num="34" count="4" type="stmt"/>
        <line num="35" count="4" type="stmt"/>
        <line num="36" count="4" type="stmt"/>
        <line num="37" count="4" type="stmt"/>
        <line num="38" count="4" type="stmt"/>
        <line num="39" count="4" type="stmt"/>
        <line num="40" count="4" type="stmt"/>
        <line num="41" count="400" type="cond" truecount="2" falsecount="0"/>
        <line num="42" count="170" type="stmt"/>
        <line num="43" count="170" type="stmt"/>
        <line num="44" count="170" type="stmt"/>
        <line num="45" count="170" type="stmt"/>
        <line num="46" count="170" type="cond" truecount="2" falsecount="0"/>
        <line num="47" count="133" type="stmt"/>
        <line num="49" count="37" type="stmt"/>
        <line num="51" count="170" type="cond" truecount="2" falsecount="0"/>
        <line num="52" count="44" type="stmt"/>
        <line num="54" count="126" type="stmt"/>
        <line num="56" count="170" type="stmt"/>
        <line num="57" count="170" type="stmt"/>
        <line num="58" count="170" type="stmt"/>
        <line num="62" count="170" type="stmt"/>
        <line num="67" count="4" type="stmt"/>
        <line num="68" count="699" type="stmt"/>
        <line num="71" count="4" type="stmt"/>
        <line num="72" count="4" type="stmt"/>
        <line num="73" count="170" type="stmt"/>
        <line num="76" count="4" type="stmt"/>
      </file>
    </package>
    <package name="src.components">
      <metrics statements="325" coveredstatements="122" conditionals="118" coveredconditionals="32" methods="74" coveredmethods="33"/>
      <file name="Login.js" path="C:\Users\XW\Documents\CharmTemp\test\hw5-CharmingCharm\socialweb\src\components\Login.js">
        <metrics statements="26" coveredstatements="23" conditionals="6" coveredconditionals="6" methods="8" coveredmethods="5"/>
        <line num="25" count="3" type="stmt"/>
        <line num="27" count="3" type="stmt"/>
        <line num="35" count="3" type="stmt"/>
        <line num="36" count="0" type="stmt"/>
        <line num="39" count="3" type="stmt"/>
        <line num="40" count="2" type="stmt"/>
        <line num="43" count="3" type="stmt"/>
        <line num="44" count="2" type="stmt"/>
        <line num="47" count="3" type="stmt"/>
        <line num="48" count="0" type="stmt"/>
        <line num="51" count="3" type="stmt"/>
        <line num="52" count="2" type="stmt"/>
        <line num="53" count="2" type="stmt"/>
        <line num="54" count="2" type="stmt"/>
        <line num="55" count="2" type="stmt"/>
        <line num="56" count="11" type="cond" truecount="4" falsecount="0"/>
        <line num="57" count="1" type="stmt"/>
        <line num="58" count="1" type="stmt"/>
        <line num="59" count="1" type="stmt"/>
        <line num="60" count="1" type="stmt"/>
        <line num="63" count="2" type="cond" truecount="2" falsecount="0"/>
        <line num="64" count="1" type="stmt"/>
        <line num="66" count="1" type="stmt"/>
        <line num="71" count="8" type="stmt"/>
        <line num="72" count="8" type="stmt"/>
        <line num="152" count="0" type="stmt"/>
      </file>
      <file name="Main.js" path="C:\Users\XW\Documents\CharmTemp\test\hw5-CharmingCharm\socialweb\src\components\Main.js">
        <metrics statements="131" coveredstatements="94" conditionals="28" coveredconditionals="20" methods="40" coveredmethods="26"/>
        <line num="38" count="3" type="stmt"/>
        <line num="39" count="30" type="stmt"/>
        <line num="40" count="30" type="stmt"/>
        <line num="41" count="30" type="stmt"/>
        <line num="51" count="2" type="stmt"/>
        <line num="52" count="2" type="stmt"/>
        <line num="59" count="11" type="stmt"/>
        <line num="60" count="11" type="stmt"/>
        <line num="87" count="0" type="stmt"/>
        <line num="107" count="0" type="stmt"/>
        <line num="113" count="0" type="stmt"/>
        <line num="114" count="0" type="stmt"/>
        <line num="131" count="3" type="stmt"/>
        <line num="132" count="2" type="stmt"/>
        <line num="138" count="12" type="stmt"/>
        <line num="139" count="12" type="stmt"/>
        <line num="140" count="12" type="stmt"/>
        <line num="141" count="12" type="cond" truecount="4" falsecount="0"/>
        <line num="142" count="9" type="stmt"/>
        <line num="143" count="29" type="stmt"/>
        <line num="155" count="0" type="stmt"/>
        <line num="185" count="12" type="stmt"/>
        <line num="199" count="1" type="stmt"/>
        <line num="208" count="1" type="stmt"/>
        <line num="228" count="2" type="stmt"/>
        <line num="229" count="2" type="stmt"/>
        <line num="235" count="11" type="stmt"/>
        <line num="249" count="0" type="stmt"/>
        <line num="268" count="0" type="stmt"/>
        <line num="276" count="0" type="stmt"/>
        <line num="279" count="0" type="stmt"/>
        <line num="280" count="0" type="stmt"/>
        <line num="298" count="5" type="stmt"/>
        <line num="299" count="3" type="stmt"/>
        <line num="305" count="30" type="stmt"/>
        <line num="306" count="60" type="stmt"/>
        <line num="313" count="30" type="stmt"/>
        <line num="352" count="0" type="stmt"/>
        <line num="375" count="4" type="stmt"/>
        <line num="376" count="2" type="stmt"/>
        <line num="382" count="2" type="stmt"/>
        <line num="383" count="0" type="stmt"/>
        <line num="387" count="12" type="stmt"/>
        <line num="388" count="12" type="stmt"/>
        <line num="390" count="12" type="stmt"/>
        <line num="391" count="30" type="stmt"/>
        <line num="395" count="12" type="stmt"/>
        <line num="412" count="1" type="stmt"/>
        <line num="420" count="1" type="stmt"/>
        <line num="421" count="1" type="stmt"/>
        <line num="445" count="4" type="stmt"/>
        <line num="447" count="2" type="stmt"/>
        <line num="459" count="3" type="stmt"/>
        <line num="460" count="3" type="stmt"/>
        <line num="462" count="3" type="stmt"/>
        <line num="464" count="2" type="stmt"/>
        <line num="465" count="2" type="stmt"/>
        <line num="466" count="6" type="stmt"/>
        <line num="467" count="6" type="stmt"/>
        <line num="470" count="2" type="stmt"/>
        <line num="476" count="2" type="stmt"/>
        <line num="477" count="4" type="stmt"/>
        <line num="480" count="2" type="stmt"/>
        <line num="481" count="0" type="stmt"/>
        <line num="484" count="2" type="stmt"/>
        <line num="486" count="12" type="stmt"/>
        <line num="487" count="12" type="stmt"/>
        <line num="488" count="12" type="stmt"/>
        <line num="489" count="12" type="cond" truecount="2" falsecount="0"/>
        <line num="490" count="30" type="stmt"/>
        <line num="492" count="12" type="stmt"/>
        <line num="495" count="2" type="stmt"/>
        <line num="496" count="1" type="stmt"/>
        <line num="497" count="1" type="stmt"/>
        <line num="498" count="1" type="stmt"/>
        <line num="499" count="40" type="cond" truecount="4" falsecount="0"/>
        <line num="500" count="13" type="stmt"/>
        <line num="503" count="1" type="stmt"/>
        <line num="508" count="2" type="stmt"/>
        <line num="509" count="2" type="stmt"/>
        <line num="510" count="2" type="stmt"/>
        <line num="511" count="2" type="stmt"/>
        <line num="512" count="2" type="stmt"/>
        <line num="513" count="2" type="stmt"/>
        <line num="514" count="2" type="cond" truecount="2" falsecount="0"/>
        <line num="515" count="1" type="stmt"/>
        <line num="516" count="1" type="stmt"/>
        <line num="517" count="9" type="cond" truecount="4" falsecount="0"/>
        <line num="518" count="1" type="stmt"/>
        <line num="519" count="1" type="stmt"/>
        <line num="520" count="1" type="stmt"/>
        <line num="521" count="1" type="stmt"/>
        <line num="522" count="1" type="stmt"/>
        <line num="525" count="1" type="cond" truecount="1" falsecount="1"/>
        <line num="526" count="0" type="stmt"/>
        <line num="527" count="0" type="stmt"/>
        <line num="529" count="1" type="stmt"/>
        <line num="531" count="1" type="cond" truecount="1" falsecount="1"/>
        <line num="532" count="1" type="stmt"/>
        <line num="533" count="1" type="stmt"/>
        <line num="534" count="1" type="stmt"/>
        <line num="536" count="2" type="stmt"/>
        <line num="537" count="2" type="stmt"/>
        <line num="538" count="2" type="stmt"/>
        <line num="539" count="2" type="stmt"/>
        <line num="545" count="2" type="stmt"/>
        <line num="546" count="0" type="stmt"/>
        <line num="547" count="0" type="stmt"/>
        <line num="548" count="0" type="stmt"/>
        <line num="550" count="0" type="stmt"/>
        <line num="551" count="0" type="stmt"/>
        <line num="552" count="0" type="stmt"/>
        <line num="553" count="0" type="stmt"/>
        <line num="554" count="0" type="stmt"/>
        <line num="555" count="0" type="stmt"/>
        <line num="556" count="0" type="stmt"/>
        <line num="557" count="0" type="stmt"/>
        <line num="558" count="0" type="stmt"/>
        <line num="561" count="0" type="stmt"/>
        <line num="565" count="0" type="stmt"/>
        <line num="566" count="0" type="stmt"/>
        <line num="568" count="0" type="stmt"/>
        <line num="571" count="2" type="stmt"/>
        <line num="572" count="0" type="stmt"/>
        <line num="573" count="0" type="stmt"/>
        <line num="575" count="0" type="stmt"/>
        <line num="576" count="0" type="stmt"/>
        <line num="577" count="0" type="stmt"/>
        <line num="581" count="11" type="stmt"/>
        <line num="582" count="11" type="stmt"/>
        <line num="619" count="0" type="stmt"/>
      </file>
      <file name="Profile.js" path="C:\Users\XW\Documents\CharmTemp\test\hw5-CharmingCharm\socialweb\src\components\Profile.js">
        <metrics statements="80" coveredstatements="5" conditionals="40" coveredconditionals="6" methods="13" coveredmethods="2"/>
        <line num="23" count="1" type="stmt"/>
        <line num="24" count="1" type="stmt"/>
        <line num="33" count="1" type="stmt"/>
        <line num="34" count="0" type="stmt"/>
        <line num="35" count="0" type="stmt"/>
        <line num="36" count="0" type="stmt"/>
        <line num="37" count="0" type="stmt"/>
        <line num="39" count="0" type="cond" truecount="0" falsecount="2"/>
        <line num="40" count="0" type="stmt"/>
        <line num="41" count="0" type="stmt"/>
        <line num="46" count="1" type="stmt"/>
        <line num="47" count="1" type="stmt"/>
        <line num="89" count="0" type="stmt"/>
        <line num="90" count="0" type="stmt"/>
        <line num="91" count="0" type="cond" truecount="0" falsecount="2"/>
        <line num="92" count="0" type="cond" truecount="0" falsecount="4"/>
        <line num="93" count="0" type="stmt"/>
        <line num="94" count="0" type="stmt"/>
        <line num="96" count="0" type="stmt"/>
        <line num="97" count="0" type="stmt"/>
        <line num="100" count="0" type="stmt"/>
        <line num="101" count="0" type="stmt"/>
        <line num="103" count="0" type="stmt"/>
        <line num="121" count="0" type="stmt"/>
        <line num="142" count="0" type="stmt"/>
        <line num="143" count="0" type="stmt"/>
        <line num="144" count="0" type="cond" truecount="0" falsecount="2"/>
        <line num="145" count="0" type="stmt"/>
        <line num="146" count="0" type="stmt"/>
        <line num="148" count="0" type="stmt"/>
        <line num="149" count="0" type="stmt"/>
        <line num="151" count="0" type="stmt"/>
        <line num="171" count="0" type="stmt"/>
        <line num="172" count="0" type="stmt"/>
        <line num="173" count="0" type="cond" truecount="0" falsecount="2"/>
        <line num="174" count="0" type="stmt"/>
        <line num="175" count="0" type="stmt"/>
        <line num="177" count="0" type="stmt"/>
        <line num="178" count="0" type="stmt"/>
        <line num="180" count="0" type="stmt"/>
        <line num="201" count="0" type="stmt"/>
        <line num="202" count="0" type="stmt"/>
        <line num="203" count="0" type="cond" truecount="0" falsecount="2"/>
        <line num="204" count="0" type="stmt"/>
        <line num="205" count="0" type="stmt"/>
        <line num="207" count="0" type="stmt"/>
        <line num="208" count="0" type="stmt"/>
        <line num="210" count="0" type="stmt"/>
        <line num="231" count="0" type="stmt"/>
        <line num="232" count="0" type="stmt"/>
        <line num="233" count="0" type="stmt"/>
        <line num="234" count="0" type="stmt"/>
        <line num="235" count="0" type="cond" truecount="0" falsecount="2"/>
        <line num="236" count="0" type="stmt"/>
        <line num="237" count="0" type="stmt"/>
        <line num="238" count="0" type="cond" truecount="0" falsecount="2"/>
        <line num="239" count="0" type="cond" truecount="0" falsecount="2"/>
        <line num="240" count="0" type="stmt"/>
        <line num="241" count="0" type="stmt"/>
        <line num="242" count="0" type="cond" truecount="0" falsecount="2"/>
        <line num="243" count="0" type="cond" truecount="0" falsecount="2"/>
        <line num="244" count="0" type="stmt"/>
        <line num="245" count="0" type="stmt"/>
        <line num="249" count="0" type="stmt"/>
        <line num="269" count="0" type="stmt"/>
        <line num="270" count="0" type="stmt"/>
        <line num="271" count="0" type="stmt"/>
        <line num="272" count="0" type="cond" truecount="0" falsecount="2"/>
        <line num="273" count="0" type="stmt"/>
        <line num="274" count="0" type="stmt"/>
        <line num="276" count="0" type="stmt"/>
        <line num="298" count="0" type="stmt"/>
        <line num="299" count="0" type="stmt"/>
        <line num="300" count="0" type="stmt"/>
        <line num="301" count="0" type="cond" truecount="0" falsecount="2"/>
        <line num="302" count="0" type="stmt"/>
        <line num="303" count="0" type="stmt"/>
        <line num="305" count="0" type="stmt"/>
        <line num="332" count="0" type="stmt"/>
        <line num="342" count="0" type="stmt"/>
      </file>
      <file name="Register.js" path="C:\Users\XW\Documents\CharmTemp\test\hw5-CharmingCharm\socialweb\src\components\Register.js">
        <metrics statements="88" coveredstatements="0" conditionals="44" coveredconditionals="0" methods="13" coveredmethods="0"/>
        <line num="17" count="0" type="stmt"/>
        <line num="18" count="0" type="stmt"/>
        <line num="33" count="0" type="stmt"/>
        <line num="34" count="0" type="stmt"/>
        <line num="35" count="0" type="stmt"/>
        <line num="36" count="0" type="cond" truecount="0" falsecount="2"/>
        <line num="37" count="0" type="stmt"/>
        <line num="40" count="0" type="stmt"/>
        <line num="43" count="0" type="stmt"/>
        <line num="44" count="0" type="stmt"/>
        <line num="45" count="0" type="stmt"/>
        <line num="46" count="0" type="stmt"/>
        <line num="47" count="0" type="stmt"/>
        <line num="49" count="0" type="cond" truecount="0" falsecount="4"/>
        <line num="50" count="0" type="stmt"/>
        <line num="51" count="0" type="stmt"/>
        <line num="63" count="0" type="stmt"/>
        <line num="64" count="0" type="stmt"/>
        <line num="65" count="0" type="stmt"/>
        <line num="81" count="0" type="stmt"/>
        <line num="82" count="0" type="stmt"/>
        <line num="111" count="0" type="stmt"/>
        <line num="112" count="0" type="stmt"/>
        <line num="113" count="0" type="cond" truecount="0" falsecount="2"/>
        <line num="114" count="0" type="cond" truecount="0" falsecount="4"/>
        <line num="115" count="0" type="stmt"/>
        <line num="116" count="0" type="stmt"/>
        <line num="118" count="0" type="stmt"/>
        <line num="119" count="0" type="stmt"/>
        <line num="122" count="0" type="stmt"/>
        <line num="123" count="0" type="stmt"/>
        <line num="125" count="0" type="stmt"/>
        <line num="139" count="0" type="stmt"/>
        <line num="157" count="0" type="stmt"/>
        <line num="158" count="0" type="stmt"/>
        <line num="159" count="0" type="cond" truecount="0" falsecount="2"/>
        <line num="160" count="0" type="stmt"/>
        <line num="161" count="0" type="stmt"/>
        <line num="163" count="0" type="stmt"/>
        <line num="164" count="0" type="stmt"/>
        <line num="166" count="0" type="stmt"/>
        <line num="183" count="0" type="stmt"/>
        <line num="184" count="0" type="stmt"/>
        <line num="185" count="0" type="cond" truecount="0" falsecount="2"/>
        <line num="186" count="0" type="stmt"/>
        <line num="187" count="0" type="stmt"/>
        <line num="189" count="0" type="stmt"/>
        <line num="190" count="0" type="stmt"/>
        <line num="192" count="0" type="stmt"/>
        <line num="211" count="0" type="stmt"/>
        <line num="212" count="0" type="stmt"/>
        <line num="213" count="0" type="cond" truecount="0" falsecount="2"/>
        <line num="214" count="0" type="stmt"/>
        <line num="215" count="0" type="stmt"/>
        <line num="217" count="0" type="stmt"/>
        <line num="218" count="0" type="stmt"/>
        <line num="220" count="0" type="stmt"/>
        <line num="237" count="0" type="stmt"/>
        <line num="238" count="0" type="stmt"/>
        <line num="239" count="0" type="stmt"/>
        <line num="240" count="0" type="stmt"/>
        <line num="241" count="0" type="cond" truecount="0" falsecount="2"/>
        <line num="242" count="0" type="stmt"/>
        <line num="243" count="0" type="stmt"/>
        <line num="244" count="0" type="cond" truecount="0" falsecount="2"/>
        <line num="245" count="0" type="cond" truecount="0" falsecount="2"/>
        <line num="246" count="0" type="stmt"/>
        <line num="247" count="0" type="stmt"/>
        <line num="248" count="0" type="cond" truecount="0" falsecount="2"/>
        <line num="249" count="0" type="cond" truecount="0" falsecount="2"/>
        <line num="250" count="0" type="stmt"/>
        <line num="251" count="0" type="stmt"/>
        <line num="255" count="0" type="stmt"/>
        <line num="272" count="0" type="stmt"/>
        <line num="273" count="0" type="stmt"/>
        <line num="274" count="0" type="stmt"/>
        <line num="275" count="0" type="cond" truecount="0" falsecount="2"/>
        <line num="276" count="0" type="stmt"/>
        <line num="277" count="0" type="stmt"/>
        <line num="279" count="0" type="stmt"/>
        <line num="298" count="0" type="stmt"/>
        <line num="299" count="0" type="stmt"/>
        <line num="300" count="0" type="stmt"/>
        <line num="301" count="0" type="cond" truecount="0" falsecount="2"/>
        <line num="302" count="0" type="stmt"/>
        <line num="303" count="0" type="stmt"/>
        <line num="305" count="0" type="stmt"/>
        <line num="334" count="0" type="stmt"/>
      </file>
    </package>
  </project>
</coverage>
