{"C:\\Users\\XW\\Documents\\CharmTemp\\test\\hw5-CharmingCharm\\socialweb\\src\\App.js": {"path":"C:\\Users\\XW\\Documents\\CharmTemp\\test\\hw5-CharmingCharm\\socialweb\\src\\App.js","statementMap":{"0":{"start":{"line":18,"column":8},"end":{"line":18,"column":21}},"1":{"start":{"line":19,"column":8},"end":{"line":21,"column":10}},"2":{"start":{"line":25,"column":8},"end":{"line":27,"column":9}},"3":{"start":{"line":26,"column":12},"end":{"line":26,"column":33}},"4":{"start":{"line":30,"column":13},"end":{"line":33,"column":5}},"5":{"start":{"line":31,"column":8},"end":{"line":31,"column":45}},"6":{"start":{"line":32,"column":8},"end":{"line":32,"column":40}},"7":{"start":{"line":35,"column":12},"end":{"line":37,"column":5}},"8":{"start":{"line":36,"column":8},"end":{"line":36,"column":44}},"9":{"start":{"line":40,"column":42},"end":{"line":40,"column":52}},"10":{"start":{"line":41,"column":8},"end":{"line":74,"column":10}}},"fnMap":{"0":{"name":"(anonymous_0)","decl":{"start":{"line":17,"column":4},"end":{"line":17,"column":5}},"loc":{"start":{"line":17,"column":23},"end":{"line":22,"column":5}},"line":17},"1":{"name":"(anonymous_1)","decl":{"start":{"line":24,"column":4},"end":{"line":24,"column":5}},"loc":{"start":{"line":24,"column":30},"end":{"line":28,"column":5}},"line":24},"2":{"name":"(anonymous_2)","decl":{"start":{"line":30,"column":13},"end":{"line":30,"column":14}},"loc":{"start":{"line":30,"column":19},"end":{"line":33,"column":5}},"line":30},"3":{"name":"(anonymous_3)","decl":{"start":{"line":35,"column":12},"end":{"line":35,"column":13}},"loc":{"start":{"line":35,"column":23},"end":{"line":37,"column":5}},"line":35},"4":{"name":"(anonymous_4)","decl":{"start":{"line":39,"column":4},"end":{"line":39,"column":5}},"loc":{"start":{"line":39,"column":13},"end":{"line":75,"column":5}},"line":39}},"branchMap":{"0":{"loc":{"start":{"line":25,"column":8},"end":{"line":27,"column":9}},"type":"if","locations":[{"start":{"line":25,"column":8},"end":{"line":27,"column":9}},{"start":{},"end":{}}],"line":25},"1":{"loc":{"start":{"line":58,"column":32},"end":{"line":63,"column":49}},"type":"binary-expr","locations":[{"start":{"line":58,"column":32},"end":{"line":58,"column":68}},{"start":{"line":59,"column":32},"end":{"line":63,"column":49}}],"line":58},"2":{"loc":{"start":{"line":69,"column":20},"end":{"line":71,"column":34}},"type":"cond-expr","locations":[{"start":{"line":70,"column":26},"end":{"line":70,"column":54}},{"start":{"line":71,"column":26},"end":{"line":71,"column":34}}],"line":69}},"s":{"0":3,"1":2,"2":3,"3":3,"4":2,"5":1,"6":1,"7":2,"8":1,"9":4,"10":4},"f":{"0":3,"1":3,"2":1,"3":1,"4":4},"b":{"0":[3,0],"1":[4,1],"2":[3,1]},"_coverageSchema":"1a1c01bbd47fc00a2c39e90264f33305004495a9","hash":"b23f2bd50399e9947669d6f5429c678e232c5fd6"}
,"C:\\Users\\XW\\Documents\\CharmTemp\\test\\hw5-CharmingCharm\\socialweb\\src\\index.js": {"path":"C:\\Users\\XW\\Documents\\CharmTemp\\test\\hw5-CharmingCharm\\socialweb\\src\\index.js","statementMap":{"0":{"start":{"line":7,"column":0},"end":{"line":12,"column":2}},"1":{"start":{"line":17,"column":0},"end":{"line":17,"column":18}}},"fnMap":{},"branchMap":{},"s":{"0":0,"1":0},"f":{},"b":{}}
,"C:\\Users\\XW\\Documents\\CharmTemp\\test\\hw5-CharmingCharm\\socialweb\\src\\reportWebVitals.js": {"path":"C:\\Users\\XW\\Documents\\CharmTemp\\test\\hw5-CharmingCharm\\socialweb\\src\\reportWebVitals.js","statementMap":{"0":{"start":{"line":1,"column":24},"end":{"line":11,"column":1}},"1":{"start":{"line":2,"column":2},"end":{"line":10,"column":3}},"2":{"start":{"line":3,"column":4},"end":{"line":9,"column":7}},"3":{"start":{"line":4,"column":6},"end":{"line":4,"column":26}},"4":{"start":{"line":5,"column":6},"end":{"line":5,"column":26}},"5":{"start":{"line":6,"column":6},"end":{"line":6,"column":26}},"6":{"start":{"line":7,"column":6},"end":{"line":7,"column":26}},"7":{"start":{"line":8,"column":6},"end":{"line":8,"column":27}}},"fnMap":{"0":{"name":"(anonymous_0)","decl":{"start":{"line":1,"column":24},"end":{"line":1,"column":25}},"loc":{"start":{"line":1,"column":39},"end":{"line":11,"column":1}},"line":1},"1":{"name":"(anonymous_1)","decl":{"start":{"line":3,"column":30},"end":{"line":3,"column":31}},"loc":{"start":{"line":3,"column":79},"end":{"line":9,"column":5}},"line":3}},"branchMap":{"0":{"loc":{"start":{"line":2,"column":2},"end":{"line":10,"column":3}},"type":"if","locations":[{"start":{"line":2,"column":2},"end":{"line":10,"column":3}},{"start":{},"end":{}}],"line":2},"1":{"loc":{"start":{"line":2,"column":6},"end":{"line":2,"column":52}},"type":"binary-expr","locations":[{"start":{"line":2,"column":6},"end":{"line":2,"column":17}},{"start":{"line":2,"column":21},"end":{"line":2,"column":52}}],"line":2}},"s":{"0":0,"1":0,"2":0,"3":0,"4":0,"5":0,"6":0,"7":0},"f":{"0":0,"1":0},"b":{"0":[0,0],"1":[0,0]}}
,"C:\\Users\\XW\\Documents\\CharmTemp\\test\\hw5-CharmingCharm\\socialweb\\src\\util.js": {"path":"C:\\Users\\XW\\Documents\\CharmTemp\\test\\hw5-CharmingCharm\\socialweb\\src\\util.js","statementMap":{"0":{"start":{"line":3,"column":4},"end":{"line":27,"column":11}},"1":{"start":{"line":4,"column":28},"end":{"line":4,"column":50}},"2":{"start":{"line":6,"column":27},"end":{"line":6,"column":29}},"3":{"start":{"line":7,"column":12},"end":{"line":25,"column":13}},"4":{"start":{"line":7,"column":25},"end":{"line":7,"column":26}},"5":{"start":{"line":8,"column":29},"end":{"line":8,"column":31}},"6":{"start":{"line":9,"column":16},"end":{"line":11,"column":17}},"7":{"start":{"line":9,"column":33},"end":{"line":9,"column":34}},"8":{"start":{"line":10,"column":20},"end":{"line":10,"column":63}},"9":{"start":{"line":12,"column":30},"end":{"line":23,"column":17}},"10":{"start":{"line":24,"column":16},"end":{"line":24,"column":39}},"11":{"start":{"line":26,"column":12},"end":{"line":26,"column":68}},"12":{"start":{"line":31,"column":4},"end":{"line":77,"column":10}},"13":{"start":{"line":32,"column":28},"end":{"line":32,"column":50}},"14":{"start":{"line":34,"column":23},"end":{"line":34,"column":55}},"15":{"start":{"line":35,"column":24},"end":{"line":35,"column":57}},"16":{"start":{"line":36,"column":25},"end":{"line":36,"column":45}},"17":{"start":{"line":37,"column":12},"end":{"line":37,"column":32}},"18":{"start":{"line":38,"column":24},"end":{"line":38,"column":26}},"19":{"start":{"line":39,"column":36},"end":{"line":39,"column":38}},"20":{"start":{"line":40,"column":12},"end":{"line":64,"column":13}},"21":{"start":{"line":40,"column":25},"end":{"line":40,"column":26}},"22":{"start":{"line":41,"column":16},"end":{"line":63,"column":17}},"23":{"start":{"line":42,"column":31},"end":{"line":42,"column":38}},"24":{"start":{"line":43,"column":32},"end":{"line":43,"column":61}},"25":{"start":{"line":44,"column":30},"end":{"line":44,"column":59}},"26":{"start":{"line":45,"column":37},"end":{"line":45,"column":88}},"27":{"start":{"line":46,"column":20},"end":{"line":50,"column":21}},"28":{"start":{"line":47,"column":24},"end":{"line":47,"column":64}},"29":{"start":{"line":49,"column":24},"end":{"line":49,"column":58}},"30":{"start":{"line":51,"column":20},"end":{"line":55,"column":21}},"31":{"start":{"line":52,"column":24},"end":{"line":52,"column":56}},"32":{"start":{"line":54,"column":24},"end":{"line":54,"column":50}},"33":{"start":{"line":56,"column":20},"end":{"line":56,"column":70}},"34":{"start":{"line":57,"column":20},"end":{"line":57,"column":43}},"35":{"start":{"line":58,"column":20},"end":{"line":61,"column":22}},"36":{"start":{"line":62,"column":20},"end":{"line":62,"column":37}},"37":{"start":{"line":67,"column":16},"end":{"line":69,"column":17}},"38":{"start":{"line":68,"column":20},"end":{"line":68,"column":53}},"39":{"start":{"line":71,"column":12},"end":{"line":71,"column":48}},"40":{"start":{"line":72,"column":12},"end":{"line":74,"column":14}},"41":{"start":{"line":73,"column":16},"end":{"line":73,"column":46}},"42":{"start":{"line":76,"column":12},"end":{"line":76,"column":50}}},"fnMap":{"0":{"name":"requestUsers","decl":{"start":{"line":2,"column":16},"end":{"line":2,"column":28}},"loc":{"start":{"line":2,"column":31},"end":{"line":28,"column":1}},"line":2},"1":{"name":"(anonymous_1)","decl":{"start":{"line":4,"column":14},"end":{"line":4,"column":15}},"loc":{"start":{"line":4,"column":26},"end":{"line":4,"column":52}},"line":4},"2":{"name":"(anonymous_2)","decl":{"start":{"line":5,"column":14},"end":{"line":5,"column":15}},"loc":{"start":{"line":5,"column":22},"end":{"line":27,"column":9}},"line":5},"3":{"name":"requestArticles","decl":{"start":{"line":30,"column":16},"end":{"line":30,"column":31}},"loc":{"start":{"line":30,"column":45},"end":{"line":78,"column":1}},"line":30},"4":{"name":"(anonymous_4)","decl":{"start":{"line":32,"column":14},"end":{"line":32,"column":15}},"loc":{"start":{"line":32,"column":26},"end":{"line":32,"column":52}},"line":32},"5":{"name":"(anonymous_5)","decl":{"start":{"line":33,"column":14},"end":{"line":33,"column":15}},"loc":{"start":{"line":33,"column":22},"end":{"line":77,"column":9}},"line":33},"6":{"name":"compare","decl":{"start":{"line":66,"column":21},"end":{"line":66,"column":28}},"loc":{"start":{"line":66,"column":32},"end":{"line":70,"column":13}},"line":66},"7":{"name":"(anonymous_7)","decl":{"start":{"line":67,"column":23},"end":{"line":67,"column":24}},"loc":{"start":{"line":67,"column":39},"end":{"line":69,"column":17}},"line":67},"8":{"name":"(anonymous_8)","decl":{"start":{"line":72,"column":22},"end":{"line":72,"column":23}},"loc":{"start":{"line":72,"column":39},"end":{"line":74,"column":13}},"line":72}},"branchMap":{"0":{"loc":{"start":{"line":41,"column":16},"end":{"line":63,"column":17}},"type":"if","locations":[{"start":{"line":41,"column":16},"end":{"line":63,"column":17}},{"start":{},"end":{}}],"line":41},"1":{"loc":{"start":{"line":46,"column":20},"end":{"line":50,"column":21}},"type":"if","locations":[{"start":{"line":46,"column":20},"end":{"line":50,"column":21}},{"start":{"line":48,"column":27},"end":{"line":50,"column":21}}],"line":46},"2":{"loc":{"start":{"line":51,"column":20},"end":{"line":55,"column":21}},"type":"if","locations":[{"start":{"line":51,"column":20},"end":{"line":55,"column":21}},{"start":{"line":53,"column":27},"end":{"line":55,"column":21}}],"line":51}},"s":{"0":5,"1":4,"2":4,"3":4,"4":4,"5":40,"6":40,"7":40,"8":120,"9":40,"10":40,"11":4,"12":5,"13":4,"14":4,"15":4,"16":4,"17":4,"18":4,"19":4,"20":4,"21":4,"22":400,"23":170,"24":170,"25":170,"26":170,"27":170,"28":133,"29":37,"30":170,"31":44,"32":126,"33":170,"34":170,"35":170,"36":170,"37":4,"38":699,"39":4,"40":4,"41":170,"42":4},"f":{"0":5,"1":4,"2":4,"3":5,"4":4,"5":4,"6":4,"7":699,"8":170},"b":{"0":[170,230],"1":[133,37],"2":[44,126]},"_coverageSchema":"1a1c01bbd47fc00a2c39e90264f33305004495a9","hash":"4b7b64aecc394f94377b1654e1d0b3d3eea6baf0"}
,"C:\\Users\\XW\\Documents\\CharmTemp\\test\\hw5-CharmingCharm\\socialweb\\src\\components\\Login.js": {"path":"C:\\Users\\XW\\Documents\\CharmTemp\\test\\hw5-CharmingCharm\\socialweb\\src\\components\\Login.js","statementMap":{"0":{"start":{"line":25,"column":8},"end":{"line":25,"column":21}},"1":{"start":{"line":27,"column":8},"end":{"line":32,"column":10}},"2":{"start":{"line":35,"column":22},"end":{"line":37,"column":5}},"3":{"start":{"line":36,"column":8},"end":{"line":36,"column":36}},"4":{"start":{"line":39,"column":23},"end":{"line":41,"column":5}},"5":{"start":{"line":40,"column":8},"end":{"line":40,"column":56}},"6":{"start":{"line":43,"column":26},"end":{"line":45,"column":5}},"7":{"start":{"line":44,"column":8},"end":{"line":44,"column":59}},"8":{"start":{"line":47,"column":18},"end":{"line":49,"column":5}},"9":{"start":{"line":48,"column":8},"end":{"line":48,"column":37}},"10":{"start":{"line":51,"column":19},"end":{"line":68,"column":5}},"11":{"start":{"line":52,"column":22},"end":{"line":52,"column":63}},"12":{"start":{"line":53,"column":44},"end":{"line":53,"column":54}},"13":{"start":{"line":54,"column":19},"end":{"line":54,"column":24}},"14":{"start":{"line":55,"column":8},"end":{"line":62,"column":9}},"15":{"start":{"line":56,"column":12},"end":{"line":61,"column":13}},"16":{"start":{"line":57,"column":16},"end":{"line":57,"column":75}},"17":{"start":{"line":58,"column":16},"end":{"line":58,"column":40}},"18":{"start":{"line":59,"column":16},"end":{"line":59,"column":28}},"19":{"start":{"line":60,"column":16},"end":{"line":60,"column":22}},"20":{"start":{"line":63,"column":8},"end":{"line":67,"column":9}},"21":{"start":{"line":64,"column":12},"end":{"line":64,"column":48}},"22":{"start":{"line":66,"column":12},"end":{"line":66,"column":49}},"23":{"start":{"line":71,"column":61},"end":{"line":71,"column":71}},"24":{"start":{"line":72,"column":8},"end":{"line":158,"column":10}},"25":{"start":{"line":152,"column":62},"end":{"line":152,"column":98}}},"fnMap":{"0":{"name":"(anonymous_0)","decl":{"start":{"line":24,"column":4},"end":{"line":24,"column":5}},"loc":{"start":{"line":24,"column":23},"end":{"line":33,"column":5}},"line":24},"1":{"name":"(anonymous_1)","decl":{"start":{"line":35,"column":22},"end":{"line":35,"column":23}},"loc":{"start":{"line":35,"column":28},"end":{"line":37,"column":5}},"line":35},"2":{"name":"(anonymous_2)","decl":{"start":{"line":39,"column":23},"end":{"line":39,"column":24}},"loc":{"start":{"line":39,"column":34},"end":{"line":41,"column":5}},"line":39},"3":{"name":"(anonymous_3)","decl":{"start":{"line":43,"column":26},"end":{"line":43,"column":27}},"loc":{"start":{"line":43,"column":37},"end":{"line":45,"column":5}},"line":43},"4":{"name":"(anonymous_4)","decl":{"start":{"line":47,"column":18},"end":{"line":47,"column":19}},"loc":{"start":{"line":47,"column":24},"end":{"line":49,"column":5}},"line":47},"5":{"name":"(anonymous_5)","decl":{"start":{"line":51,"column":19},"end":{"line":51,"column":20}},"loc":{"start":{"line":51,"column":30},"end":{"line":68,"column":5}},"line":51},"6":{"name":"(anonymous_6)","decl":{"start":{"line":70,"column":4},"end":{"line":70,"column":5}},"loc":{"start":{"line":70,"column":13},"end":{"line":159,"column":5}},"line":70},"7":{"name":"(anonymous_7)","decl":{"start":{"line":152,"column":55},"end":{"line":152,"column":56}},"loc":{"start":{"line":152,"column":61},"end":{"line":152,"column":99}},"line":152}},"branchMap":{"0":{"loc":{"start":{"line":56,"column":12},"end":{"line":61,"column":13}},"type":"if","locations":[{"start":{"line":56,"column":12},"end":{"line":61,"column":13}},{"start":{},"end":{}}],"line":56},"1":{"loc":{"start":{"line":56,"column":16},"end":{"line":56,"column":90}},"type":"binary-expr","locations":[{"start":{"line":56,"column":16},"end":{"line":56,"column":48}},{"start":{"line":56,"column":52},"end":{"line":56,"column":90}}],"line":56},"2":{"loc":{"start":{"line":63,"column":8},"end":{"line":67,"column":9}},"type":"if","locations":[{"start":{"line":63,"column":8},"end":{"line":67,"column":9}},{"start":{"line":65,"column":15},"end":{"line":67,"column":9}}],"line":63}},"s":{"0":3,"1":3,"2":3,"3":0,"4":3,"5":2,"6":3,"7":2,"8":3,"9":0,"10":3,"11":2,"12":2,"13":2,"14":2,"15":11,"16":1,"17":1,"18":1,"19":1,"20":2,"21":1,"22":1,"23":8,"24":8,"25":0},"f":{"0":3,"1":0,"2":2,"3":2,"4":0,"5":2,"6":8,"7":0},"b":{"0":[1,10],"1":[11,2],"2":[1,1]},"_coverageSchema":"1a1c01bbd47fc00a2c39e90264f33305004495a9","hash":"6a7d8309acd1b75cbde61bb91f0e228cdd529d17"}
,"C:\\Users\\XW\\Documents\\CharmTemp\\test\\hw5-CharmingCharm\\socialweb\\src\\components\\Main.js": {"path":"C:\\Users\\XW\\Documents\\CharmTemp\\test\\hw5-CharmingCharm\\socialweb\\src\\components\\Main.js","statementMap":{"0":{"start":{"line":38,"column":19},"end":{"line":47,"column":3}},"1":{"start":{"line":39,"column":33},"end":{"line":39,"column":38}},"2":{"start":{"line":40,"column":4},"end":{"line":40,"column":37}},"3":{"start":{"line":41,"column":27},"end":{"line":47,"column":1}},"4":{"start":{"line":51,"column":8},"end":{"line":51,"column":21}},"5":{"start":{"line":52,"column":8},"end":{"line":55,"column":9}},"6":{"start":{"line":59,"column":36},"end":{"line":59,"column":46}},"7":{"start":{"line":60,"column":8},"end":{"line":123,"column":10}},"8":{"start":{"line":87,"column":36},"end":{"line":87,"column":68}},"9":{"start":{"line":107,"column":36},"end":{"line":107,"column":84}},"10":{"start":{"line":113,"column":32},"end":{"line":113,"column":56}},"11":{"start":{"line":114,"column":32},"end":{"line":114,"column":60}},"12":{"start":{"line":131,"column":8},"end":{"line":131,"column":21}},"13":{"start":{"line":132,"column":8},"end":{"line":134,"column":9}},"14":{"start":{"line":138,"column":31},"end":{"line":138,"column":41}},"15":{"start":{"line":139,"column":26},"end":{"line":139,"column":46}},"16":{"start":{"line":140,"column":20},"end":{"line":140,"column":24}},"17":{"start":{"line":141,"column":8},"end":{"line":183,"column":9}},"18":{"start":{"line":142,"column":12},"end":{"line":182,"column":15}},"19":{"start":{"line":143,"column":16},"end":{"line":181,"column":18}},"20":{"start":{"line":155,"column":44},"end":{"line":155,"column":85}},"21":{"start":{"line":185,"column":8},"end":{"line":219,"column":10}},"22":{"start":{"line":199,"column":36},"end":{"line":199,"column":85}},"23":{"start":{"line":208,"column":36},"end":{"line":208,"column":79}},"24":{"start":{"line":228,"column":8},"end":{"line":228,"column":21}},"25":{"start":{"line":229,"column":8},"end":{"line":231,"column":9}},"26":{"start":{"line":235,"column":8},"end":{"line":290,"column":10}},"27":{"start":{"line":249,"column":40},"end":{"line":249,"column":87}},"28":{"start":{"line":268,"column":51},"end":{"line":268,"column":81}},"29":{"start":{"line":276,"column":57},"end":{"line":278,"column":41}},"30":{"start":{"line":279,"column":40},"end":{"line":279,"column":75}},"31":{"start":{"line":280,"column":40},"end":{"line":280,"column":70}},"32":{"start":{"line":298,"column":8},"end":{"line":298,"column":21}},"33":{"start":{"line":299,"column":8},"end":{"line":301,"column":9}},"34":{"start":{"line":305,"column":23},"end":{"line":312,"column":10}},"35":{"start":{"line":306,"column":12},"end":{"line":311,"column":14}},"36":{"start":{"line":313,"column":8},"end":{"line":368,"column":10}},"37":{"start":{"line":352,"column":32},"end":{"line":352,"column":95}},"38":{"start":{"line":352,"column":57},"end":{"line":352,"column":91}},"39":{"start":{"line":375,"column":8},"end":{"line":375,"column":21}},"40":{"start":{"line":376,"column":8},"end":{"line":379,"column":9}},"41":{"start":{"line":382,"column":19},"end":{"line":384,"column":5}},"42":{"start":{"line":383,"column":8},"end":{"line":383,"column":39}},"43":{"start":{"line":387,"column":30},"end":{"line":387,"column":40}},"44":{"start":{"line":388,"column":27},"end":{"line":388,"column":56}},"45":{"start":{"line":390,"column":27},"end":{"line":394,"column":10}},"46":{"start":{"line":391,"column":12},"end":{"line":393,"column":14}},"47":{"start":{"line":395,"column":8},"end":{"line":438,"column":10}},"48":{"start":{"line":412,"column":40},"end":{"line":412,"column":83}},"49":{"start":{"line":420,"column":40},"end":{"line":420,"column":71}},"50":{"start":{"line":421,"column":40},"end":{"line":421,"column":65}},"51":{"start":{"line":445,"column":8},"end":{"line":445,"column":21}},"52":{"start":{"line":447,"column":8},"end":{"line":454,"column":10}},"53":{"start":{"line":459,"column":21},"end":{"line":459,"column":53}},"54":{"start":{"line":460,"column":22},"end":{"line":460,"column":55}},"55":{"start":{"line":462,"column":8},"end":{"line":462,"column":48}},"56":{"start":{"line":464,"column":24},"end":{"line":464,"column":26}},"57":{"start":{"line":465,"column":8},"end":{"line":468,"column":9}},"58":{"start":{"line":465,"column":21},"end":{"line":465,"column":22}},"59":{"start":{"line":466,"column":27},"end":{"line":466,"column":45}},"60":{"start":{"line":467,"column":12},"end":{"line":467,"column":116}},"61":{"start":{"line":470,"column":8},"end":{"line":473,"column":11}},"62":{"start":{"line":476,"column":18},"end":{"line":478,"column":5}},"63":{"start":{"line":477,"column":8},"end":{"line":477,"column":90}},"64":{"start":{"line":480,"column":21},"end":{"line":482,"column":5}},"65":{"start":{"line":481,"column":8},"end":{"line":481,"column":45}},"66":{"start":{"line":484,"column":19},"end":{"line":493,"column":5}},"67":{"start":{"line":486,"column":38},"end":{"line":486,"column":48}},"68":{"start":{"line":487,"column":23},"end":{"line":487,"column":42}},"69":{"start":{"line":488,"column":27},"end":{"line":488,"column":29}},"70":{"start":{"line":489,"column":8},"end":{"line":491,"column":9}},"71":{"start":{"line":489,"column":21},"end":{"line":489,"column":35}},"72":{"start":{"line":489,"column":45},"end":{"line":489,"column":46}},"73":{"start":{"line":490,"column":12},"end":{"line":490,"column":62}},"74":{"start":{"line":492,"column":8},"end":{"line":492,"column":28}},"75":{"start":{"line":495,"column":21},"end":{"line":506,"column":5}},"76":{"start":{"line":496,"column":26},"end":{"line":496,"column":28}},"77":{"start":{"line":497,"column":23},"end":{"line":497,"column":42}},"78":{"start":{"line":498,"column":8},"end":{"line":502,"column":9}},"79":{"start":{"line":498,"column":21},"end":{"line":498,"column":22}},"80":{"start":{"line":499,"column":12},"end":{"line":501,"column":13}},"81":{"start":{"line":500,"column":16},"end":{"line":500,"column":36}},"82":{"start":{"line":503,"column":8},"end":{"line":505,"column":10}},"83":{"start":{"line":508,"column":19},"end":{"line":543,"column":5}},"84":{"start":{"line":509,"column":18},"end":{"line":509,"column":38}},"85":{"start":{"line":510,"column":20},"end":{"line":510,"column":53}},"86":{"start":{"line":511,"column":19},"end":{"line":511,"column":51}},"87":{"start":{"line":512,"column":18},"end":{"line":512,"column":38}},"88":{"start":{"line":513,"column":8},"end":{"line":513,"column":25}},"89":{"start":{"line":514,"column":8},"end":{"line":535,"column":9}},"90":{"start":{"line":515,"column":23},"end":{"line":515,"column":28}},"91":{"start":{"line":516,"column":12},"end":{"line":524,"column":13}},"92":{"start":{"line":516,"column":25},"end":{"line":516,"column":26}},"93":{"start":{"line":517,"column":16},"end":{"line":523,"column":17}},"94":{"start":{"line":518,"column":20},"end":{"line":518,"column":97}},"95":{"start":{"line":519,"column":20},"end":{"line":519,"column":64}},"96":{"start":{"line":520,"column":20},"end":{"line":520,"column":50}},"97":{"start":{"line":521,"column":20},"end":{"line":521,"column":32}},"98":{"start":{"line":522,"column":20},"end":{"line":522,"column":26}},"99":{"start":{"line":525,"column":12},"end":{"line":530,"column":13}},"100":{"start":{"line":526,"column":16},"end":{"line":526,"column":50}},"101":{"start":{"line":527,"column":16},"end":{"line":527,"column":23}},"102":{"start":{"line":529,"column":16},"end":{"line":529,"column":51}},"103":{"start":{"line":531,"column":15},"end":{"line":535,"column":9}},"104":{"start":{"line":532,"column":12},"end":{"line":532,"column":41}},"105":{"start":{"line":533,"column":12},"end":{"line":533,"column":55}},"106":{"start":{"line":534,"column":12},"end":{"line":534,"column":33}},"107":{"start":{"line":536,"column":8},"end":{"line":536,"column":52}},"108":{"start":{"line":537,"column":8},"end":{"line":537,"column":54}},"109":{"start":{"line":538,"column":8},"end":{"line":538,"column":42}},"110":{"start":{"line":539,"column":8},"end":{"line":542,"column":11}},"111":{"start":{"line":545,"column":18},"end":{"line":569,"column":5}},"112":{"start":{"line":546,"column":18},"end":{"line":546,"column":37}},"113":{"start":{"line":547,"column":19},"end":{"line":547,"column":51}},"114":{"start":{"line":548,"column":32},"end":{"line":548,"column":60}},"115":{"start":{"line":550,"column":8},"end":{"line":550,"column":36}},"116":{"start":{"line":551,"column":8},"end":{"line":551,"column":33}},"117":{"start":{"line":552,"column":8},"end":{"line":552,"column":35}},"118":{"start":{"line":553,"column":8},"end":{"line":553,"column":40}},"119":{"start":{"line":554,"column":18},"end":{"line":554,"column":28}},"120":{"start":{"line":555,"column":19},"end":{"line":555,"column":36}},"121":{"start":{"line":556,"column":20},"end":{"line":556,"column":38}},"122":{"start":{"line":557,"column":19},"end":{"line":557,"column":32}},"123":{"start":{"line":558,"column":8},"end":{"line":560,"column":66}},"124":{"start":{"line":561,"column":8},"end":{"line":564,"column":10}},"125":{"start":{"line":565,"column":8},"end":{"line":565,"column":26}},"126":{"start":{"line":566,"column":8},"end":{"line":566,"column":50}},"127":{"start":{"line":568,"column":8},"end":{"line":568,"column":49}},"128":{"start":{"line":571,"column":17},"end":{"line":578,"column":5}},"129":{"start":{"line":572,"column":20},"end":{"line":572,"column":53}},"130":{"start":{"line":573,"column":8},"end":{"line":573,"column":40}},"131":{"start":{"line":575,"column":8},"end":{"line":575,"column":41}},"132":{"start":{"line":576,"column":8},"end":{"line":576,"column":55}},"133":{"start":{"line":577,"column":8},"end":{"line":577,"column":54}},"134":{"start":{"line":581,"column":59},"end":{"line":581,"column":69}},"135":{"start":{"line":582,"column":8},"end":{"line":629,"column":10}},"136":{"start":{"line":619,"column":75},"end":{"line":619,"column":109}}},"fnMap":{"0":{"name":"(anonymous_0)","decl":{"start":{"line":38,"column":26},"end":{"line":38,"column":27}},"loc":{"start":{"line":38,"column":37},"end":{"line":41,"column":1}},"line":38},"1":{"name":"(anonymous_1)","decl":{"start":{"line":41,"column":3},"end":{"line":41,"column":4}},"loc":{"start":{"line":41,"column":27},"end":{"line":47,"column":1}},"line":41},"2":{"name":"(anonymous_2)","decl":{"start":{"line":50,"column":4},"end":{"line":50,"column":5}},"loc":{"start":{"line":50,"column":23},"end":{"line":56,"column":5}},"line":50},"3":{"name":"(anonymous_3)","decl":{"start":{"line":58,"column":4},"end":{"line":58,"column":5}},"loc":{"start":{"line":58,"column":13},"end":{"line":124,"column":5}},"line":58},"4":{"name":"(anonymous_4)","decl":{"start":{"line":86,"column":41},"end":{"line":86,"column":42}},"loc":{"start":{"line":86,"column":47},"end":{"line":88,"column":33}},"line":86},"5":{"name":"(anonymous_5)","decl":{"start":{"line":106,"column":42},"end":{"line":106,"column":43}},"loc":{"start":{"line":107,"column":36},"end":{"line":107,"column":84}},"line":107},"6":{"name":"(anonymous_6)","decl":{"start":{"line":112,"column":67},"end":{"line":112,"column":68}},"loc":{"start":{"line":112,"column":73},"end":{"line":115,"column":29}},"line":112},"7":{"name":"(anonymous_7)","decl":{"start":{"line":130,"column":4},"end":{"line":130,"column":5}},"loc":{"start":{"line":130,"column":23},"end":{"line":135,"column":5}},"line":130},"8":{"name":"(anonymous_8)","decl":{"start":{"line":137,"column":4},"end":{"line":137,"column":5}},"loc":{"start":{"line":137,"column":13},"end":{"line":220,"column":5}},"line":137},"9":{"name":"(anonymous_9)","decl":{"start":{"line":142,"column":34},"end":{"line":142,"column":35}},"loc":{"start":{"line":142,"column":51},"end":{"line":182,"column":13}},"line":142},"10":{"name":"(anonymous_10)","decl":{"start":{"line":154,"column":49},"end":{"line":154,"column":50}},"loc":{"start":{"line":154,"column":61},"end":{"line":156,"column":41}},"line":154},"11":{"name":"(anonymous_11)","decl":{"start":{"line":198,"column":43},"end":{"line":198,"column":44}},"loc":{"start":{"line":198,"column":52},"end":{"line":200,"column":33}},"line":198},"12":{"name":"(anonymous_12)","decl":{"start":{"line":207,"column":41},"end":{"line":207,"column":42}},"loc":{"start":{"line":207,"column":47},"end":{"line":209,"column":33}},"line":207},"13":{"name":"(anonymous_13)","decl":{"start":{"line":227,"column":4},"end":{"line":227,"column":5}},"loc":{"start":{"line":227,"column":23},"end":{"line":232,"column":5}},"line":227},"14":{"name":"(anonymous_14)","decl":{"start":{"line":234,"column":4},"end":{"line":234,"column":5}},"loc":{"start":{"line":234,"column":13},"end":{"line":291,"column":5}},"line":234},"15":{"name":"(anonymous_15)","decl":{"start":{"line":248,"column":46},"end":{"line":248,"column":47}},"loc":{"start":{"line":248,"column":57},"end":{"line":250,"column":37}},"line":248},"16":{"name":"(anonymous_16)","decl":{"start":{"line":268,"column":45},"end":{"line":268,"column":46}},"loc":{"start":{"line":268,"column":51},"end":{"line":268,"column":81}},"line":268},"17":{"name":"(anonymous_17)","decl":{"start":{"line":275,"column":45},"end":{"line":275,"column":46}},"loc":{"start":{"line":275,"column":51},"end":{"line":281,"column":37}},"line":275},"18":{"name":"(anonymous_18)","decl":{"start":{"line":297,"column":4},"end":{"line":297,"column":5}},"loc":{"start":{"line":297,"column":23},"end":{"line":302,"column":5}},"line":297},"19":{"name":"(anonymous_19)","decl":{"start":{"line":304,"column":4},"end":{"line":304,"column":5}},"loc":{"start":{"line":304,"column":13},"end":{"line":369,"column":5}},"line":304},"20":{"name":"(anonymous_20)","decl":{"start":{"line":305,"column":52},"end":{"line":305,"column":53}},"loc":{"start":{"line":305,"column":62},"end":{"line":312,"column":9}},"line":305},"21":{"name":"(anonymous_21)","decl":{"start":{"line":351,"column":37},"end":{"line":351,"column":38}},"loc":{"start":{"line":351,"column":43},"end":{"line":353,"column":29}},"line":351},"22":{"name":"(anonymous_22)","decl":{"start":{"line":352,"column":46},"end":{"line":352,"column":47}},"loc":{"start":{"line":352,"column":55},"end":{"line":352,"column":93}},"line":352},"23":{"name":"(anonymous_23)","decl":{"start":{"line":374,"column":4},"end":{"line":374,"column":5}},"loc":{"start":{"line":374,"column":23},"end":{"line":380,"column":5}},"line":374},"24":{"name":"(anonymous_24)","decl":{"start":{"line":382,"column":19},"end":{"line":382,"column":20}},"loc":{"start":{"line":382,"column":37},"end":{"line":384,"column":5}},"line":382},"25":{"name":"(anonymous_25)","decl":{"start":{"line":386,"column":4},"end":{"line":386,"column":5}},"loc":{"start":{"line":386,"column":13},"end":{"line":439,"column":5}},"line":386},"26":{"name":"(anonymous_26)","decl":{"start":{"line":390,"column":44},"end":{"line":390,"column":45}},"loc":{"start":{"line":390,"column":54},"end":{"line":394,"column":9}},"line":390},"27":{"name":"(anonymous_27)","decl":{"start":{"line":411,"column":46},"end":{"line":411,"column":47}},"loc":{"start":{"line":411,"column":57},"end":{"line":413,"column":37}},"line":411},"28":{"name":"(anonymous_28)","decl":{"start":{"line":419,"column":45},"end":{"line":419,"column":46}},"loc":{"start":{"line":419,"column":51},"end":{"line":422,"column":37}},"line":419},"29":{"name":"(anonymous_29)","decl":{"start":{"line":444,"column":4},"end":{"line":444,"column":5}},"loc":{"start":{"line":444,"column":23},"end":{"line":455,"column":5}},"line":444},"30":{"name":"(anonymous_30)","decl":{"start":{"line":458,"column":4},"end":{"line":458,"column":5}},"loc":{"start":{"line":458,"column":30},"end":{"line":474,"column":5}},"line":458},"31":{"name":"(anonymous_31)","decl":{"start":{"line":476,"column":18},"end":{"line":476,"column":19}},"loc":{"start":{"line":476,"column":57},"end":{"line":478,"column":5}},"line":476},"32":{"name":"(anonymous_32)","decl":{"start":{"line":480,"column":21},"end":{"line":480,"column":22}},"loc":{"start":{"line":480,"column":31},"end":{"line":482,"column":5}},"line":480},"33":{"name":"(anonymous_33)","decl":{"start":{"line":484,"column":19},"end":{"line":484,"column":20}},"loc":{"start":{"line":484,"column":29},"end":{"line":493,"column":5}},"line":484},"34":{"name":"(anonymous_34)","decl":{"start":{"line":495,"column":21},"end":{"line":495,"column":22}},"loc":{"start":{"line":495,"column":30},"end":{"line":506,"column":5}},"line":495},"35":{"name":"(anonymous_35)","decl":{"start":{"line":508,"column":19},"end":{"line":508,"column":20}},"loc":{"start":{"line":508,"column":44},"end":{"line":543,"column":5}},"line":508},"36":{"name":"(anonymous_36)","decl":{"start":{"line":545,"column":18},"end":{"line":545,"column":19}},"loc":{"start":{"line":545,"column":31},"end":{"line":569,"column":5}},"line":545},"37":{"name":"(anonymous_37)","decl":{"start":{"line":571,"column":17},"end":{"line":571,"column":18}},"loc":{"start":{"line":571,"column":30},"end":{"line":578,"column":5}},"line":571},"38":{"name":"(anonymous_38)","decl":{"start":{"line":580,"column":4},"end":{"line":580,"column":5}},"loc":{"start":{"line":580,"column":13},"end":{"line":630,"column":5}},"line":580},"39":{"name":"(anonymous_39)","decl":{"start":{"line":619,"column":67},"end":{"line":619,"column":68}},"loc":{"start":{"line":619,"column":73},"end":{"line":619,"column":111}},"line":619}},"branchMap":{"0":{"loc":{"start":{"line":42,"column":15},"end":{"line":42,"column":58}},"type":"cond-expr","locations":[{"start":{"line":42,"column":25},"end":{"line":42,"column":39}},{"start":{"line":42,"column":42},"end":{"line":42,"column":58}}],"line":42},"1":{"loc":{"start":{"line":141,"column":8},"end":{"line":183,"column":9}},"type":"if","locations":[{"start":{"line":141,"column":8},"end":{"line":183,"column":9}},{"start":{},"end":{}}],"line":141},"2":{"loc":{"start":{"line":141,"column":12},"end":{"line":141,"column":54}},"type":"binary-expr","locations":[{"start":{"line":141,"column":12},"end":{"line":141,"column":29}},{"start":{"line":141,"column":33},"end":{"line":141,"column":54}}],"line":141},"3":{"loc":{"start":{"line":489,"column":48},"end":{"line":489,"column":89}},"type":"binary-expr","locations":[{"start":{"line":489,"column":48},"end":{"line":489,"column":76}},{"start":{"line":489,"column":80},"end":{"line":489,"column":89}}],"line":489},"4":{"loc":{"start":{"line":499,"column":12},"end":{"line":501,"column":13}},"type":"if","locations":[{"start":{"line":499,"column":12},"end":{"line":501,"column":13}},{"start":{},"end":{}}],"line":499},"5":{"loc":{"start":{"line":499,"column":16},"end":{"line":499,"column":94}},"type":"binary-expr","locations":[{"start":{"line":499,"column":16},"end":{"line":499,"column":56}},{"start":{"line":499,"column":60},"end":{"line":499,"column":94}}],"line":499},"6":{"loc":{"start":{"line":514,"column":8},"end":{"line":535,"column":9}},"type":"if","locations":[{"start":{"line":514,"column":8},"end":{"line":535,"column":9}},{"start":{"line":531,"column":15},"end":{"line":535,"column":9}}],"line":514},"7":{"loc":{"start":{"line":517,"column":16},"end":{"line":523,"column":17}},"type":"if","locations":[{"start":{"line":517,"column":16},"end":{"line":523,"column":17}},{"start":{},"end":{}}],"line":517},"8":{"loc":{"start":{"line":517,"column":20},"end":{"line":517,"column":68}},"type":"binary-expr","locations":[{"start":{"line":517,"column":20},"end":{"line":517,"column":43}},{"start":{"line":517,"column":47},"end":{"line":517,"column":68}}],"line":517},"9":{"loc":{"start":{"line":525,"column":12},"end":{"line":530,"column":13}},"type":"if","locations":[{"start":{"line":525,"column":12},"end":{"line":530,"column":13}},{"start":{"line":528,"column":19},"end":{"line":530,"column":13}}],"line":525},"10":{"loc":{"start":{"line":531,"column":15},"end":{"line":535,"column":9}},"type":"if","locations":[{"start":{"line":531,"column":15},"end":{"line":535,"column":9}},{"start":{},"end":{}}],"line":531},"11":{"loc":{"start":{"line":559,"column":15},"end":{"line":559,"column":67}},"type":"cond-expr","locations":[{"start":{"line":559,"column":31},"end":{"line":559,"column":50}},{"start":{"line":559,"column":54},"end":{"line":559,"column":67}}],"line":559},"12":{"loc":{"start":{"line":560,"column":15},"end":{"line":560,"column":64}},"type":"cond-expr","locations":[{"start":{"line":560,"column":30},"end":{"line":560,"column":48}},{"start":{"line":560,"column":52},"end":{"line":560,"column":64}}],"line":560},"13":{"loc":{"start":{"line":585,"column":20},"end":{"line":626,"column":103}},"type":"cond-expr","locations":[{"start":{"line":587,"column":28},"end":{"line":624,"column":31}},{"start":{"line":626,"column":26},"end":{"line":626,"column":103}}],"line":585}},"s":{"0":3,"1":30,"2":30,"3":30,"4":2,"5":2,"6":11,"7":11,"8":0,"9":0,"10":0,"11":0,"12":3,"13":2,"14":12,"15":12,"16":12,"17":12,"18":9,"19":29,"20":0,"21":12,"22":1,"23":1,"24":2,"25":2,"26":11,"27":0,"28":0,"29":0,"30":0,"31":0,"32":5,"33":3,"34":30,"35":60,"36":30,"37":0,"38":0,"39":4,"40":2,"41":2,"42":0,"43":12,"44":12,"45":12,"46":30,"47":12,"48":1,"49":1,"50":1,"51":4,"52":2,"53":3,"54":3,"55":3,"56":2,"57":2,"58":2,"59":6,"60":6,"61":2,"62":2,"63":4,"64":2,"65":0,"66":2,"67":12,"68":12,"69":12,"70":12,"71":12,"72":12,"73":30,"74":12,"75":2,"76":1,"77":1,"78":1,"79":1,"80":40,"81":13,"82":1,"83":2,"84":2,"85":2,"86":2,"87":2,"88":2,"89":2,"90":1,"91":1,"92":1,"93":9,"94":1,"95":1,"96":1,"97":1,"98":1,"99":1,"100":0,"101":0,"102":1,"103":1,"104":1,"105":1,"106":1,"107":2,"108":2,"109":2,"110":2,"111":2,"112":0,"113":0,"114":0,"115":0,"116":0,"117":0,"118":0,"119":0,"120":0,"121":0,"122":0,"123":0,"124":0,"125":0,"126":0,"127":0,"128":2,"129":0,"130":0,"131":0,"132":0,"133":0,"134":11,"135":11,"136":0},"f":{"0":30,"1":30,"2":2,"3":11,"4":0,"5":0,"6":0,"7":3,"8":12,"9":29,"10":0,"11":1,"12":1,"13":2,"14":11,"15":0,"16":0,"17":0,"18":5,"19":30,"20":60,"21":0,"22":0,"23":4,"24":0,"25":12,"26":30,"27":1,"28":1,"29":4,"30":3,"31":4,"32":0,"33":12,"34":1,"35":2,"36":0,"37":0,"38":11,"39":0},"b":{"0":[30,0],"1":[9,3],"2":[12,12],"3":[42,40],"4":[13,27],"5":[40,40],"6":[1,1],"7":[1,8],"8":[9,1],"9":[0,1],"10":[1,0],"11":[0,0],"12":[0,0],"13":[11,0]},"_coverageSchema":"1a1c01bbd47fc00a2c39e90264f33305004495a9","hash":"ac00b27c96c5f4bfa0cb22dd39783a2c00710759"}
,"C:\\Users\\XW\\Documents\\CharmTemp\\test\\hw5-CharmingCharm\\socialweb\\src\\components\\Profile.js": {"path":"C:\\Users\\XW\\Documents\\CharmTemp\\test\\hw5-CharmingCharm\\socialweb\\src\\components\\Profile.js","statementMap":{"0":{"start":{"line":23,"column":8},"end":{"line":23,"column":21}},"1":{"start":{"line":24,"column":8},"end":{"line":30,"column":9}},"2":{"start":{"line":33,"column":19},"end":{"line":43,"column":5}},"3":{"start":{"line":34,"column":35},"end":{"line":34,"column":45}},"4":{"start":{"line":35,"column":18},"end":{"line":35,"column":19}},"5":{"start":{"line":36,"column":8},"end":{"line":38,"column":9}},"6":{"start":{"line":36,"column":21},"end":{"line":36,"column":22}},"7":{"start":{"line":37,"column":12},"end":{"line":37,"column":31}},"8":{"start":{"line":39,"column":8},"end":{"line":42,"column":9}},"9":{"start":{"line":40,"column":12},"end":{"line":40,"column":40}},"10":{"start":{"line":41,"column":12},"end":{"line":41,"column":42}},"11":{"start":{"line":46,"column":59},"end":{"line":46,"column":69}},"12":{"start":{"line":47,"column":8},"end":{"line":348,"column":10}},"13":{"start":{"line":89,"column":64},"end":{"line":89,"column":82}},"14":{"start":{"line":90,"column":62},"end":{"line":90,"column":91}},"15":{"start":{"line":91,"column":48},"end":{"line":102,"column":49}},"16":{"start":{"line":92,"column":52},"end":{"line":98,"column":53}},"17":{"start":{"line":93,"column":56},"end":{"line":93,"column":72}},"18":{"start":{"line":94,"column":56},"end":{"line":94,"column":108}},"19":{"start":{"line":96,"column":56},"end":{"line":96,"column":72}},"20":{"start":{"line":97,"column":56},"end":{"line":97,"column":98}},"21":{"start":{"line":100,"column":52},"end":{"line":100,"column":68}},"22":{"start":{"line":101,"column":52},"end":{"line":101,"column":69}},"23":{"start":{"line":103,"column":48},"end":{"line":108,"column":51}},"24":{"start":{"line":121,"column":48},"end":{"line":126,"column":51}},"25":{"start":{"line":142,"column":64},"end":{"line":142,"column":82}},"26":{"start":{"line":143,"column":62},"end":{"line":143,"column":104}},"27":{"start":{"line":144,"column":48},"end":{"line":150,"column":49}},"28":{"start":{"line":145,"column":52},"end":{"line":145,"column":68}},"29":{"start":{"line":146,"column":52},"end":{"line":146,"column":90}},"30":{"start":{"line":148,"column":52},"end":{"line":148,"column":68}},"31":{"start":{"line":149,"column":52},"end":{"line":149,"column":69}},"32":{"start":{"line":151,"column":48},"end":{"line":156,"column":51}},"33":{"start":{"line":171,"column":64},"end":{"line":171,"column":82}},"34":{"start":{"line":172,"column":62},"end":{"line":172,"column":98}},"35":{"start":{"line":173,"column":48},"end":{"line":179,"column":49}},"36":{"start":{"line":174,"column":52},"end":{"line":174,"column":68}},"37":{"start":{"line":175,"column":52},"end":{"line":175,"column":94}},"38":{"start":{"line":177,"column":52},"end":{"line":177,"column":68}},"39":{"start":{"line":178,"column":52},"end":{"line":178,"column":69}},"40":{"start":{"line":180,"column":48},"end":{"line":185,"column":51}},"41":{"start":{"line":201,"column":64},"end":{"line":201,"column":82}},"42":{"start":{"line":202,"column":62},"end":{"line":202,"column":85}},"43":{"start":{"line":203,"column":48},"end":{"line":209,"column":49}},"44":{"start":{"line":204,"column":52},"end":{"line":204,"column":68}},"45":{"start":{"line":205,"column":52},"end":{"line":205,"column":91}},"46":{"start":{"line":207,"column":52},"end":{"line":207,"column":68}},"47":{"start":{"line":208,"column":52},"end":{"line":208,"column":69}},"48":{"start":{"line":210,"column":48},"end":{"line":215,"column":51}},"49":{"start":{"line":231,"column":64},"end":{"line":231,"column":93}},"50":{"start":{"line":232,"column":63},"end":{"line":232,"column":73}},"51":{"start":{"line":233,"column":48},"end":{"line":233,"column":64}},"52":{"start":{"line":234,"column":48},"end":{"line":234,"column":65}},"53":{"start":{"line":235,"column":48},"end":{"line":248,"column":49}},"54":{"start":{"line":236,"column":52},"end":{"line":236,"column":68}},"55":{"start":{"line":237,"column":52},"end":{"line":237,"column":92}},"56":{"start":{"line":238,"column":55},"end":{"line":248,"column":49}},"57":{"start":{"line":239,"column":52},"end":{"line":247,"column":53}},"58":{"start":{"line":240,"column":56},"end":{"line":240,"column":72}},"59":{"start":{"line":241,"column":56},"end":{"line":241,"column":96}},"60":{"start":{"line":242,"column":59},"end":{"line":247,"column":53}},"61":{"start":{"line":243,"column":56},"end":{"line":246,"column":57}},"62":{"start":{"line":244,"column":60},"end":{"line":244,"column":76}},"63":{"start":{"line":245,"column":60},"end":{"line":245,"column":100}},"64":{"start":{"line":249,"column":48},"end":{"line":254,"column":51}},"65":{"start":{"line":269,"column":64},"end":{"line":269,"column":82}},"66":{"start":{"line":270,"column":48},"end":{"line":270,"column":64}},"67":{"start":{"line":271,"column":48},"end":{"line":271,"column":65}},"68":{"start":{"line":272,"column":48},"end":{"line":275,"column":49}},"69":{"start":{"line":273,"column":52},"end":{"line":273,"column":68}},"70":{"start":{"line":274,"column":52},"end":{"line":274,"column":96}},"71":{"start":{"line":276,"column":48},"end":{"line":281,"column":51}},"72":{"start":{"line":298,"column":64},"end":{"line":298,"column":82}},"73":{"start":{"line":299,"column":48},"end":{"line":299,"column":64}},"74":{"start":{"line":300,"column":48},"end":{"line":300,"column":65}},"75":{"start":{"line":301,"column":48},"end":{"line":304,"column":49}},"76":{"start":{"line":302,"column":52},"end":{"line":302,"column":68}},"77":{"start":{"line":303,"column":52},"end":{"line":303,"column":96}},"78":{"start":{"line":305,"column":48},"end":{"line":307,"column":51}},"79":{"start":{"line":332,"column":44},"end":{"line":332,"column":77}},"80":{"start":{"line":342,"column":54},"end":{"line":342,"column":82}}},"fnMap":{"0":{"name":"(anonymous_0)","decl":{"start":{"line":22,"column":4},"end":{"line":22,"column":5}},"loc":{"start":{"line":22,"column":23},"end":{"line":31,"column":5}},"line":22},"1":{"name":"(anonymous_1)","decl":{"start":{"line":33,"column":19},"end":{"line":33,"column":20}},"loc":{"start":{"line":33,"column":30},"end":{"line":43,"column":5}},"line":33},"2":{"name":"(anonymous_2)","decl":{"start":{"line":45,"column":4},"end":{"line":45,"column":5}},"loc":{"start":{"line":45,"column":13},"end":{"line":349,"column":5}},"line":45},"3":{"name":"(anonymous_3)","decl":{"start":{"line":88,"column":54},"end":{"line":88,"column":55}},"loc":{"start":{"line":88,"column":65},"end":{"line":109,"column":45}},"line":88},"4":{"name":"(anonymous_4)","decl":{"start":{"line":120,"column":54},"end":{"line":120,"column":55}},"loc":{"start":{"line":120,"column":65},"end":{"line":127,"column":45}},"line":120},"5":{"name":"(anonymous_5)","decl":{"start":{"line":141,"column":54},"end":{"line":141,"column":55}},"loc":{"start":{"line":141,"column":65},"end":{"line":157,"column":45}},"line":141},"6":{"name":"(anonymous_6)","decl":{"start":{"line":170,"column":54},"end":{"line":170,"column":55}},"loc":{"start":{"line":170,"column":65},"end":{"line":186,"column":45}},"line":170},"7":{"name":"(anonymous_7)","decl":{"start":{"line":200,"column":54},"end":{"line":200,"column":55}},"loc":{"start":{"line":200,"column":65},"end":{"line":216,"column":45}},"line":200},"8":{"name":"(anonymous_8)","decl":{"start":{"line":230,"column":54},"end":{"line":230,"column":55}},"loc":{"start":{"line":230,"column":65},"end":{"line":255,"column":45}},"line":230},"9":{"name":"(anonymous_9)","decl":{"start":{"line":268,"column":54},"end":{"line":268,"column":55}},"loc":{"start":{"line":268,"column":65},"end":{"line":282,"column":45}},"line":268},"10":{"name":"(anonymous_10)","decl":{"start":{"line":297,"column":54},"end":{"line":297,"column":55}},"loc":{"start":{"line":297,"column":65},"end":{"line":308,"column":45}},"line":297},"11":{"name":"(anonymous_11)","decl":{"start":{"line":331,"column":49},"end":{"line":331,"column":50}},"loc":{"start":{"line":331,"column":55},"end":{"line":333,"column":41}},"line":331},"12":{"name":"(anonymous_12)","decl":{"start":{"line":342,"column":47},"end":{"line":342,"column":48}},"loc":{"start":{"line":342,"column":53},"end":{"line":342,"column":83}},"line":342}},"branchMap":{"0":{"loc":{"start":{"line":39,"column":8},"end":{"line":42,"column":9}},"type":"if","locations":[{"start":{"line":39,"column":8},"end":{"line":42,"column":9}},{"start":{},"end":{}}],"line":39},"1":{"loc":{"start":{"line":82,"column":51},"end":{"line":82,"column":87}},"type":"binary-expr","locations":[{"start":{"line":82,"column":51},"end":{"line":82,"column":67}},{"start":{"line":82,"column":71},"end":{"line":82,"column":87}}],"line":82},"2":{"loc":{"start":{"line":91,"column":48},"end":{"line":102,"column":49}},"type":"if","locations":[{"start":{"line":91,"column":48},"end":{"line":102,"column":49}},{"start":{"line":99,"column":55},"end":{"line":102,"column":49}}],"line":91},"3":{"loc":{"start":{"line":92,"column":52},"end":{"line":98,"column":53}},"type":"if","locations":[{"start":{"line":92,"column":52},"end":{"line":98,"column":53}},{"start":{"line":95,"column":59},"end":{"line":98,"column":53}}],"line":92},"4":{"loc":{"start":{"line":92,"column":56},"end":{"line":92,"column":98}},"type":"binary-expr","locations":[{"start":{"line":92,"column":56},"end":{"line":92,"column":75}},{"start":{"line":92,"column":79},"end":{"line":92,"column":98}}],"line":92},"5":{"loc":{"start":{"line":134,"column":51},"end":{"line":134,"column":87}},"type":"binary-expr","locations":[{"start":{"line":134,"column":51},"end":{"line":134,"column":67}},{"start":{"line":134,"column":71},"end":{"line":134,"column":87}}],"line":134},"6":{"loc":{"start":{"line":144,"column":48},"end":{"line":150,"column":49}},"type":"if","locations":[{"start":{"line":144,"column":48},"end":{"line":150,"column":49}},{"start":{"line":147,"column":55},"end":{"line":150,"column":49}}],"line":144},"7":{"loc":{"start":{"line":164,"column":51},"end":{"line":164,"column":87}},"type":"binary-expr","locations":[{"start":{"line":164,"column":51},"end":{"line":164,"column":67}},{"start":{"line":164,"column":71},"end":{"line":164,"column":87}}],"line":164},"8":{"loc":{"start":{"line":173,"column":48},"end":{"line":179,"column":49}},"type":"if","locations":[{"start":{"line":173,"column":48},"end":{"line":179,"column":49}},{"start":{"line":176,"column":55},"end":{"line":179,"column":49}}],"line":173},"9":{"loc":{"start":{"line":193,"column":51},"end":{"line":193,"column":87}},"type":"binary-expr","locations":[{"start":{"line":193,"column":51},"end":{"line":193,"column":67}},{"start":{"line":193,"column":71},"end":{"line":193,"column":87}}],"line":193},"10":{"loc":{"start":{"line":203,"column":48},"end":{"line":209,"column":49}},"type":"if","locations":[{"start":{"line":203,"column":48},"end":{"line":209,"column":49}},{"start":{"line":206,"column":55},"end":{"line":209,"column":49}}],"line":203},"11":{"loc":{"start":{"line":223,"column":51},"end":{"line":223,"column":87}},"type":"binary-expr","locations":[{"start":{"line":223,"column":51},"end":{"line":223,"column":67}},{"start":{"line":223,"column":71},"end":{"line":223,"column":87}}],"line":223},"12":{"loc":{"start":{"line":235,"column":48},"end":{"line":248,"column":49}},"type":"if","locations":[{"start":{"line":235,"column":48},"end":{"line":248,"column":49}},{"start":{"line":238,"column":55},"end":{"line":248,"column":49}}],"line":235},"13":{"loc":{"start":{"line":238,"column":55},"end":{"line":248,"column":49}},"type":"if","locations":[{"start":{"line":238,"column":55},"end":{"line":248,"column":49}},{"start":{},"end":{}}],"line":238},"14":{"loc":{"start":{"line":239,"column":52},"end":{"line":247,"column":53}},"type":"if","locations":[{"start":{"line":239,"column":52},"end":{"line":247,"column":53}},{"start":{"line":242,"column":59},"end":{"line":247,"column":53}}],"line":239},"15":{"loc":{"start":{"line":242,"column":59},"end":{"line":247,"column":53}},"type":"if","locations":[{"start":{"line":242,"column":59},"end":{"line":247,"column":53}},{"start":{},"end":{}}],"line":242},"16":{"loc":{"start":{"line":243,"column":56},"end":{"line":246,"column":57}},"type":"if","locations":[{"start":{"line":243,"column":56},"end":{"line":246,"column":57}},{"start":{},"end":{}}],"line":243},"17":{"loc":{"start":{"line":272,"column":48},"end":{"line":275,"column":49}},"type":"if","locations":[{"start":{"line":272,"column":48},"end":{"line":275,"column":49}},{"start":{},"end":{}}],"line":272},"18":{"loc":{"start":{"line":289,"column":51},"end":{"line":289,"column":87}},"type":"binary-expr","locations":[{"start":{"line":289,"column":51},"end":{"line":289,"column":67}},{"start":{"line":289,"column":71},"end":{"line":289,"column":87}}],"line":289},"19":{"loc":{"start":{"line":301,"column":48},"end":{"line":304,"column":49}},"type":"if","locations":[{"start":{"line":301,"column":48},"end":{"line":304,"column":49}},{"start":{},"end":{}}],"line":301}},"s":{"0":1,"1":1,"2":1,"3":0,"4":0,"5":0,"6":0,"7":0,"8":0,"9":0,"10":0,"11":1,"12":1,"13":0,"14":0,"15":0,"16":0,"17":0,"18":0,"19":0,"20":0,"21":0,"22":0,"23":0,"24":0,"25":0,"26":0,"27":0,"28":0,"29":0,"30":0,"31":0,"32":0,"33":0,"34":0,"35":0,"36":0,"37":0,"38":0,"39":0,"40":0,"41":0,"42":0,"43":0,"44":0,"45":0,"46":0,"47":0,"48":0,"49":0,"50":0,"51":0,"52":0,"53":0,"54":0,"55":0,"56":0,"57":0,"58":0,"59":0,"60":0,"61":0,"62":0,"63":0,"64":0,"65":0,"66":0,"67":0,"68":0,"69":0,"70":0,"71":0,"72":0,"73":0,"74":0,"75":0,"76":0,"77":0,"78":0,"79":0,"80":0},"f":{"0":1,"1":0,"2":1,"3":0,"4":0,"5":0,"6":0,"7":0,"8":0,"9":0,"10":0,"11":0,"12":0},"b":{"0":[0,0],"1":[1,0],"2":[0,0],"3":[0,0],"4":[0,0],"5":[1,0],"6":[0,0],"7":[1,0],"8":[0,0],"9":[1,0],"10":[0,0],"11":[1,0],"12":[0,0],"13":[0,0],"14":[0,0],"15":[0,0],"16":[0,0],"17":[0,0],"18":[1,0],"19":[0,0]},"_coverageSchema":"1a1c01bbd47fc00a2c39e90264f33305004495a9","hash":"e608aa30c728aca8909dd682092b4a4840851a24"}
,"C:\\Users\\XW\\Documents\\CharmTemp\\test\\hw5-CharmingCharm\\socialweb\\src\\components\\Register.js": {"path":"C:\\Users\\XW\\Documents\\CharmTemp\\test\\hw5-CharmingCharm\\socialweb\\src\\components\\Register.js","statementMap":{"0":{"start":{"line":17,"column":8},"end":{"line":17,"column":21}},"1":{"start":{"line":18,"column":8},"end":{"line":30,"column":9}},"2":{"start":{"line":33,"column":16},"end":{"line":41,"column":5}},"3":{"start":{"line":34,"column":20},"end":{"line":34,"column":53}},"4":{"start":{"line":35,"column":8},"end":{"line":39,"column":9}},"5":{"start":{"line":35,"column":18},"end":{"line":35,"column":19}},"6":{"start":{"line":36,"column":12},"end":{"line":38,"column":13}},"7":{"start":{"line":37,"column":16},"end":{"line":37,"column":29}},"8":{"start":{"line":40,"column":8},"end":{"line":40,"column":20}},"9":{"start":{"line":43,"column":19},"end":{"line":67,"column":5}},"10":{"start":{"line":44,"column":78},"end":{"line":44,"column":88}},"11":{"start":{"line":45,"column":18},"end":{"line":45,"column":19}},"12":{"start":{"line":46,"column":8},"end":{"line":48,"column":9}},"13":{"start":{"line":46,"column":21},"end":{"line":46,"column":22}},"14":{"start":{"line":47,"column":12},"end":{"line":47,"column":31}},"15":{"start":{"line":49,"column":8},"end":{"line":66,"column":9}},"16":{"start":{"line":50,"column":24},"end":{"line":50,"column":57}},"17":{"start":{"line":51,"column":30},"end":{"line":62,"column":13}},"18":{"start":{"line":63,"column":12},"end":{"line":63,"column":36}},"19":{"start":{"line":64,"column":12},"end":{"line":64,"column":58}},"20":{"start":{"line":65,"column":12},"end":{"line":65,"column":40}},"21":{"start":{"line":81,"column":12},"end":{"line":81,"column":22}},"22":{"start":{"line":82,"column":8},"end":{"line":340,"column":10}},"23":{"start":{"line":111,"column":60},"end":{"line":111,"column":78}},"24":{"start":{"line":112,"column":58},"end":{"line":112,"column":87}},"25":{"start":{"line":113,"column":44},"end":{"line":124,"column":45}},"26":{"start":{"line":114,"column":48},"end":{"line":120,"column":49}},"27":{"start":{"line":115,"column":52},"end":{"line":115,"column":68}},"28":{"start":{"line":116,"column":52},"end":{"line":116,"column":104}},"29":{"start":{"line":118,"column":52},"end":{"line":118,"column":68}},"30":{"start":{"line":119,"column":52},"end":{"line":119,"column":94}},"31":{"start":{"line":122,"column":48},"end":{"line":122,"column":64}},"32":{"start":{"line":123,"column":48},"end":{"line":123,"column":65}},"33":{"start":{"line":125,"column":44},"end":{"line":127,"column":47}},"34":{"start":{"line":139,"column":44},"end":{"line":141,"column":47}},"35":{"start":{"line":157,"column":60},"end":{"line":157,"column":78}},"36":{"start":{"line":158,"column":58},"end":{"line":158,"column":100}},"37":{"start":{"line":159,"column":44},"end":{"line":165,"column":45}},"38":{"start":{"line":160,"column":48},"end":{"line":160,"column":64}},"39":{"start":{"line":161,"column":48},"end":{"line":161,"column":86}},"40":{"start":{"line":163,"column":48},"end":{"line":163,"column":64}},"41":{"start":{"line":164,"column":48},"end":{"line":164,"column":65}},"42":{"start":{"line":166,"column":44},"end":{"line":168,"column":47}},"43":{"start":{"line":183,"column":60},"end":{"line":183,"column":78}},"44":{"start":{"line":184,"column":58},"end":{"line":184,"column":94}},"45":{"start":{"line":185,"column":44},"end":{"line":191,"column":45}},"46":{"start":{"line":186,"column":48},"end":{"line":186,"column":64}},"47":{"start":{"line":187,"column":48},"end":{"line":187,"column":90}},"48":{"start":{"line":189,"column":48},"end":{"line":189,"column":64}},"49":{"start":{"line":190,"column":48},"end":{"line":190,"column":65}},"50":{"start":{"line":192,"column":44},"end":{"line":194,"column":47}},"51":{"start":{"line":211,"column":60},"end":{"line":211,"column":78}},"52":{"start":{"line":212,"column":58},"end":{"line":212,"column":81}},"53":{"start":{"line":213,"column":44},"end":{"line":219,"column":45}},"54":{"start":{"line":214,"column":48},"end":{"line":214,"column":64}},"55":{"start":{"line":215,"column":48},"end":{"line":215,"column":87}},"56":{"start":{"line":217,"column":48},"end":{"line":217,"column":64}},"57":{"start":{"line":218,"column":48},"end":{"line":218,"column":65}},"58":{"start":{"line":220,"column":44},"end":{"line":222,"column":47}},"59":{"start":{"line":237,"column":60},"end":{"line":237,"column":89}},"60":{"start":{"line":238,"column":59},"end":{"line":238,"column":69}},"61":{"start":{"line":239,"column":44},"end":{"line":239,"column":60}},"62":{"start":{"line":240,"column":44},"end":{"line":240,"column":61}},"63":{"start":{"line":241,"column":44},"end":{"line":254,"column":45}},"64":{"start":{"line":242,"column":48},"end":{"line":242,"column":64}},"65":{"start":{"line":243,"column":48},"end":{"line":243,"column":88}},"66":{"start":{"line":244,"column":51},"end":{"line":254,"column":45}},"67":{"start":{"line":245,"column":48},"end":{"line":253,"column":49}},"68":{"start":{"line":246,"column":52},"end":{"line":246,"column":68}},"69":{"start":{"line":247,"column":52},"end":{"line":247,"column":92}},"70":{"start":{"line":248,"column":55},"end":{"line":253,"column":49}},"71":{"start":{"line":249,"column":52},"end":{"line":252,"column":53}},"72":{"start":{"line":250,"column":56},"end":{"line":250,"column":72}},"73":{"start":{"line":251,"column":56},"end":{"line":251,"column":96}},"74":{"start":{"line":255,"column":44},"end":{"line":257,"column":47}},"75":{"start":{"line":272,"column":60},"end":{"line":272,"column":78}},"76":{"start":{"line":273,"column":44},"end":{"line":273,"column":60}},"77":{"start":{"line":274,"column":44},"end":{"line":274,"column":61}},"78":{"start":{"line":275,"column":44},"end":{"line":278,"column":45}},"79":{"start":{"line":276,"column":48},"end":{"line":276,"column":64}},"80":{"start":{"line":277,"column":48},"end":{"line":277,"column":92}},"81":{"start":{"line":279,"column":44},"end":{"line":281,"column":47}},"82":{"start":{"line":298,"column":60},"end":{"line":298,"column":78}},"83":{"start":{"line":299,"column":44},"end":{"line":299,"column":60}},"84":{"start":{"line":300,"column":44},"end":{"line":300,"column":61}},"85":{"start":{"line":301,"column":44},"end":{"line":304,"column":45}},"86":{"start":{"line":302,"column":48},"end":{"line":302,"column":64}},"87":{"start":{"line":303,"column":48},"end":{"line":303,"column":92}},"88":{"start":{"line":305,"column":44},"end":{"line":307,"column":47}},"89":{"start":{"line":334,"column":53},"end":{"line":334,"column":81}}},"fnMap":{"0":{"name":"(anonymous_0)","decl":{"start":{"line":16,"column":4},"end":{"line":16,"column":5}},"loc":{"start":{"line":16,"column":23},"end":{"line":31,"column":5}},"line":16},"1":{"name":"(anonymous_1)","decl":{"start":{"line":33,"column":16},"end":{"line":33,"column":17}},"loc":{"start":{"line":33,"column":27},"end":{"line":41,"column":5}},"line":33},"2":{"name":"(anonymous_2)","decl":{"start":{"line":43,"column":19},"end":{"line":43,"column":20}},"loc":{"start":{"line":43,"column":30},"end":{"line":67,"column":5}},"line":43},"3":{"name":"(anonymous_3)","decl":{"start":{"line":69,"column":4},"end":{"line":69,"column":5}},"loc":{"start":{"line":69,"column":13},"end":{"line":341,"column":5}},"line":69},"4":{"name":"(anonymous_4)","decl":{"start":{"line":110,"column":50},"end":{"line":110,"column":51}},"loc":{"start":{"line":110,"column":61},"end":{"line":128,"column":41}},"line":110},"5":{"name":"(anonymous_5)","decl":{"start":{"line":138,"column":50},"end":{"line":138,"column":51}},"loc":{"start":{"line":138,"column":61},"end":{"line":142,"column":41}},"line":138},"6":{"name":"(anonymous_6)","decl":{"start":{"line":156,"column":50},"end":{"line":156,"column":51}},"loc":{"start":{"line":156,"column":61},"end":{"line":169,"column":41}},"line":156},"7":{"name":"(anonymous_7)","decl":{"start":{"line":182,"column":50},"end":{"line":182,"column":51}},"loc":{"start":{"line":182,"column":61},"end":{"line":195,"column":41}},"line":182},"8":{"name":"(anonymous_8)","decl":{"start":{"line":210,"column":50},"end":{"line":210,"column":51}},"loc":{"start":{"line":210,"column":61},"end":{"line":223,"column":41}},"line":210},"9":{"name":"(anonymous_9)","decl":{"start":{"line":236,"column":50},"end":{"line":236,"column":51}},"loc":{"start":{"line":236,"column":61},"end":{"line":258,"column":41}},"line":236},"10":{"name":"(anonymous_10)","decl":{"start":{"line":271,"column":50},"end":{"line":271,"column":51}},"loc":{"start":{"line":271,"column":61},"end":{"line":282,"column":41}},"line":271},"11":{"name":"(anonymous_11)","decl":{"start":{"line":297,"column":50},"end":{"line":297,"column":51}},"loc":{"start":{"line":297,"column":61},"end":{"line":308,"column":41}},"line":297},"12":{"name":"(anonymous_12)","decl":{"start":{"line":334,"column":47},"end":{"line":334,"column":48}},"loc":{"start":{"line":334,"column":53},"end":{"line":334,"column":81}},"line":334}},"branchMap":{"0":{"loc":{"start":{"line":36,"column":12},"end":{"line":38,"column":13}},"type":"if","locations":[{"start":{"line":36,"column":12},"end":{"line":38,"column":13}},{"start":{},"end":{}}],"line":36},"1":{"loc":{"start":{"line":49,"column":8},"end":{"line":66,"column":9}},"type":"if","locations":[{"start":{"line":49,"column":8},"end":{"line":66,"column":9}},{"start":{},"end":{}}],"line":49},"2":{"loc":{"start":{"line":49,"column":12},"end":{"line":49,"column":46}},"type":"binary-expr","locations":[{"start":{"line":49,"column":12},"end":{"line":49,"column":21}},{"start":{"line":49,"column":25},"end":{"line":49,"column":46}}],"line":49},"3":{"loc":{"start":{"line":104,"column":47},"end":{"line":104,"column":83}},"type":"binary-expr","locations":[{"start":{"line":104,"column":47},"end":{"line":104,"column":63}},{"start":{"line":104,"column":67},"end":{"line":104,"column":83}}],"line":104},"4":{"loc":{"start":{"line":113,"column":44},"end":{"line":124,"column":45}},"type":"if","locations":[{"start":{"line":113,"column":44},"end":{"line":124,"column":45}},{"start":{"line":121,"column":51},"end":{"line":124,"column":45}}],"line":113},"5":{"loc":{"start":{"line":114,"column":48},"end":{"line":120,"column":49}},"type":"if","locations":[{"start":{"line":114,"column":48},"end":{"line":120,"column":49}},{"start":{"line":117,"column":55},"end":{"line":120,"column":49}}],"line":114},"6":{"loc":{"start":{"line":114,"column":52},"end":{"line":114,"column":94}},"type":"binary-expr","locations":[{"start":{"line":114,"column":52},"end":{"line":114,"column":71}},{"start":{"line":114,"column":75},"end":{"line":114,"column":94}}],"line":114},"7":{"loc":{"start":{"line":149,"column":47},"end":{"line":149,"column":83}},"type":"binary-expr","locations":[{"start":{"line":149,"column":47},"end":{"line":149,"column":63}},{"start":{"line":149,"column":67},"end":{"line":149,"column":83}}],"line":149},"8":{"loc":{"start":{"line":159,"column":44},"end":{"line":165,"column":45}},"type":"if","locations":[{"start":{"line":159,"column":44},"end":{"line":165,"column":45}},{"start":{"line":162,"column":51},"end":{"line":165,"column":45}}],"line":159},"9":{"loc":{"start":{"line":176,"column":47},"end":{"line":176,"column":83}},"type":"binary-expr","locations":[{"start":{"line":176,"column":47},"end":{"line":176,"column":63}},{"start":{"line":176,"column":67},"end":{"line":176,"column":83}}],"line":176},"10":{"loc":{"start":{"line":185,"column":44},"end":{"line":191,"column":45}},"type":"if","locations":[{"start":{"line":185,"column":44},"end":{"line":191,"column":45}},{"start":{"line":188,"column":51},"end":{"line":191,"column":45}}],"line":185},"11":{"loc":{"start":{"line":202,"column":47},"end":{"line":202,"column":83}},"type":"binary-expr","locations":[{"start":{"line":202,"column":47},"end":{"line":202,"column":63}},{"start":{"line":202,"column":67},"end":{"line":202,"column":83}}],"line":202},"12":{"loc":{"start":{"line":213,"column":44},"end":{"line":219,"column":45}},"type":"if","locations":[{"start":{"line":213,"column":44},"end":{"line":219,"column":45}},{"start":{"line":216,"column":51},"end":{"line":219,"column":45}}],"line":213},"13":{"loc":{"start":{"line":230,"column":47},"end":{"line":230,"column":83}},"type":"binary-expr","locations":[{"start":{"line":230,"column":47},"end":{"line":230,"column":63}},{"start":{"line":230,"column":67},"end":{"line":230,"column":83}}],"line":230},"14":{"loc":{"start":{"line":241,"column":44},"end":{"line":254,"column":45}},"type":"if","locations":[{"start":{"line":241,"column":44},"end":{"line":254,"column":45}},{"start":{"line":244,"column":51},"end":{"line":254,"column":45}}],"line":241},"15":{"loc":{"start":{"line":244,"column":51},"end":{"line":254,"column":45}},"type":"if","locations":[{"start":{"line":244,"column":51},"end":{"line":254,"column":45}},{"start":{},"end":{}}],"line":244},"16":{"loc":{"start":{"line":245,"column":48},"end":{"line":253,"column":49}},"type":"if","locations":[{"start":{"line":245,"column":48},"end":{"line":253,"column":49}},{"start":{"line":248,"column":55},"end":{"line":253,"column":49}}],"line":245},"17":{"loc":{"start":{"line":248,"column":55},"end":{"line":253,"column":49}},"type":"if","locations":[{"start":{"line":248,"column":55},"end":{"line":253,"column":49}},{"start":{},"end":{}}],"line":248},"18":{"loc":{"start":{"line":249,"column":52},"end":{"line":252,"column":53}},"type":"if","locations":[{"start":{"line":249,"column":52},"end":{"line":252,"column":53}},{"start":{},"end":{}}],"line":249},"19":{"loc":{"start":{"line":275,"column":44},"end":{"line":278,"column":45}},"type":"if","locations":[{"start":{"line":275,"column":44},"end":{"line":278,"column":45}},{"start":{},"end":{}}],"line":275},"20":{"loc":{"start":{"line":289,"column":47},"end":{"line":289,"column":83}},"type":"binary-expr","locations":[{"start":{"line":289,"column":47},"end":{"line":289,"column":63}},{"start":{"line":289,"column":67},"end":{"line":289,"column":83}}],"line":289},"21":{"loc":{"start":{"line":301,"column":44},"end":{"line":304,"column":45}},"type":"if","locations":[{"start":{"line":301,"column":44},"end":{"line":304,"column":45}},{"start":{},"end":{}}],"line":301}},"s":{"0":0,"1":0,"2":0,"3":0,"4":0,"5":0,"6":0,"7":0,"8":0,"9":0,"10":0,"11":0,"12":0,"13":0,"14":0,"15":0,"16":0,"17":0,"18":0,"19":0,"20":0,"21":0,"22":0,"23":0,"24":0,"25":0,"26":0,"27":0,"28":0,"29":0,"30":0,"31":0,"32":0,"33":0,"34":0,"35":0,"36":0,"37":0,"38":0,"39":0,"40":0,"41":0,"42":0,"43":0,"44":0,"45":0,"46":0,"47":0,"48":0,"49":0,"50":0,"51":0,"52":0,"53":0,"54":0,"55":0,"56":0,"57":0,"58":0,"59":0,"60":0,"61":0,"62":0,"63":0,"64":0,"65":0,"66":0,"67":0,"68":0,"69":0,"70":0,"71":0,"72":0,"73":0,"74":0,"75":0,"76":0,"77":0,"78":0,"79":0,"80":0,"81":0,"82":0,"83":0,"84":0,"85":0,"86":0,"87":0,"88":0,"89":0},"f":{"0":0,"1":0,"2":0,"3":0,"4":0,"5":0,"6":0,"7":0,"8":0,"9":0,"10":0,"11":0,"12":0},"b":{"0":[0,0],"1":[0,0],"2":[0,0],"3":[0,0],"4":[0,0],"5":[0,0],"6":[0,0],"7":[0,0],"8":[0,0],"9":[0,0],"10":[0,0],"11":[0,0],"12":[0,0],"13":[0,0],"14":[0,0],"15":[0,0],"16":[0,0],"17":[0,0],"18":[0,0],"19":[0,0],"20":[0,0],"21":[0,0]},"_coverageSchema":"1a1c01bbd47fc00a2c39e90264f33305004495a9","hash":"7c481d387a955f502b02db836096835d3ebc0842"}
}
